Vivado Simulator 2018.3
Time resolution is 1 ps
 O . . . . . . .
 . . . . O . . .
 . . . . . . . O
 . . . . . O . .
 . . O . . . . .
 . . . . . . O .
 . O . . . . . .
 . . . O . . . .

 O . . . . . . .
 . . . . . O . .
 . . . . . . . O
 . . O . . . . .
 . . . . . . O .
 . . . O . . . .
 . O . . . . . .
 . . . . O . . .

 O . . . . . . .
 . . . . . . O .
 . . . O . . . .
 . . . . . O . .
 . . . . . . . O
 . O . . . . . .
 . . . . O . . .
 . . O . . . . .

 O . . . . . . .
 . . . . . . O .
 . . . . O . . .
 . . . . . . . O
 . O . . . . . .
 . . . O . . . .
 . . . . . O . .
 . . O . . . . .

 . O . . . . . .
 . . . O . . . .
 . . . . . O . .
 . . . . . . . O
 . . O . . . . .
 O . . . . . . .
 . . . . . . O .
 . . . . O . . .

 . O . . . . . .
 . . . . O . . .
 . . . . . . O .
 O . . . . . . .
 . . O . . . . .
 . . . . . . . O
 . . . . . O . .
 . . . O . . . .

 . O . . . . . .
 . . . . O . . .
 . . . . . . O .
 . . . O . . . .
 O . . . . . . .
 . . . . . . . O
 . . . . . O . .
 . . O . . . . .

