
*** Running vivado
    with args -log riscv_top.vds -m64 -product Vivado -mode batch -messageDb vivado.pb -notrace -source riscv_top.tcl


****** Vivado v2018.3 (64-bit)
  **** SW Build 2405991 on Thu Dec  6 23:38:27 MST 2018
  **** IP Build 2404404 on Fri Dec  7 01:43:56 MST 2018
    ** Copyright 1986-2018 Xilinx, Inc. All Rights Reserved.

source riscv_top.tcl -notrace
Command: synth_design -top riscv_top -part xc7a35tcpg236-1
Starting synth_design
Attempting to get a license for feature 'Synthesis' and/or device 'xc7a35t'
INFO: [Common 17-349] Got license for feature 'Synthesis' and/or device 'xc7a35t'
INFO: Launching helper process for spawning children vivado processes
INFO: Helper process launched with PID 12568 
---------------------------------------------------------------------------------
Starting RTL Elaboration : Time (s): cpu = 00:00:02 ; elapsed = 00:00:02 . Memory (MB): peak = 363.762 ; gain = 101.758
---------------------------------------------------------------------------------
INFO: [Synth 8-6157] synthesizing module 'riscv_top' [I:/tt/riscv_top.v:4]
	Parameter SIM bound to: 0 - type: integer 
	Parameter SYS_CLK_FREQ bound to: 100000000 - type: integer 
	Parameter UART_BAUD_RATE bound to: 115200 - type: integer 
	Parameter RAM_ADDR_WIDTH bound to: 17 - type: integer 
INFO: [Synth 8-6157] synthesizing module 'ram' [I:/tt/ram.v:3]
	Parameter ADDR_WIDTH bound to: 17 - type: integer 
INFO: [Synth 8-6157] synthesizing module 'single_port_ram_sync' [I:/tt/common/block_ram/block_ram.v:63]
	Parameter ADDR_WIDTH bound to: 17 - type: integer 
	Parameter DATA_WIDTH bound to: 8 - type: integer 
INFO: [Synth 8-6155] done synthesizing module 'single_port_ram_sync' (1#1) [I:/tt/common/block_ram/block_ram.v:63]
INFO: [Synth 8-6155] done synthesizing module 'ram' (2#1) [I:/tt/ram.v:3]
INFO: [Synth 8-6157] synthesizing module 'cpu' [I:/tt/cpu.v:8]
INFO: [Synth 8-6157] synthesizing module 'stall_controller' [I:/tt/stall_controller.v:3]
INFO: [Synth 8-6155] done synthesizing module 'stall_controller' (3#1) [I:/tt/stall_controller.v:3]
INFO: [Synth 8-6157] synthesizing module 'memctrl' [I:/tt/memctrl.v:3]
INFO: [Synth 8-6155] done synthesizing module 'memctrl' (4#1) [I:/tt/memctrl.v:3]
INFO: [Synth 8-6157] synthesizing module 'pc_reg' [I:/tt/pc_reg.v:3]
INFO: [Synth 8-155] case statement is not full and has no default [I:/tt/pc_reg.v:76]
INFO: [Synth 8-6155] done synthesizing module 'pc_reg' (5#1) [I:/tt/pc_reg.v:3]
INFO: [Synth 8-6157] synthesizing module 'inst_cache' [I:/tt/inst_cache.v:7]
INFO: [Synth 8-6155] done synthesizing module 'inst_cache' (6#1) [I:/tt/inst_cache.v:7]
INFO: [Synth 8-6157] synthesizing module 'if_id' [I:/tt/if_id.v:3]
INFO: [Synth 8-6155] done synthesizing module 'if_id' (7#1) [I:/tt/if_id.v:3]
INFO: [Synth 8-6157] synthesizing module 'id' [I:/tt/id.v:3]
INFO: [Synth 8-155] case statement is not full and has no default [I:/tt/id.v:126]
INFO: [Synth 8-155] case statement is not full and has no default [I:/tt/id.v:147]
INFO: [Synth 8-155] case statement is not full and has no default [I:/tt/id.v:160]
WARNING: [Synth 8-151] case item 4'b0101 is unreachable [I:/tt/id.v:174]
INFO: [Synth 8-155] case statement is not full and has no default [I:/tt/id.v:174]
INFO: [Synth 8-155] case statement is not full and has no default [I:/tt/id.v:194]
INFO: [Synth 8-6155] done synthesizing module 'id' (8#1) [I:/tt/id.v:3]
INFO: [Synth 8-6157] synthesizing module 'regfile' [I:/tt/regfile.v:3]
INFO: [Synth 8-6155] done synthesizing module 'regfile' (9#1) [I:/tt/regfile.v:3]
INFO: [Synth 8-6157] synthesizing module 'id_ex' [I:/tt/id_ex.v:3]
INFO: [Synth 8-6155] done synthesizing module 'id_ex' (10#1) [I:/tt/id_ex.v:3]
INFO: [Synth 8-6157] synthesizing module 'ex' [I:/tt/ex.v:3]
INFO: [Synth 8-155] case statement is not full and has no default [I:/tt/ex.v:120]
INFO: [Synth 8-155] case statement is not full and has no default [I:/tt/ex.v:264]
INFO: [Synth 8-155] case statement is not full and has no default [I:/tt/ex.v:283]
INFO: [Synth 8-6155] done synthesizing module 'ex' (11#1) [I:/tt/ex.v:3]
INFO: [Synth 8-6157] synthesizing module 'ex_mem' [I:/tt/ex_mem.v:3]
INFO: [Synth 8-6155] done synthesizing module 'ex_mem' (12#1) [I:/tt/ex_mem.v:3]
INFO: [Synth 8-6157] synthesizing module 'mem' [I:/tt/mem.v:3]
INFO: [Synth 8-155] case statement is not full and has no default [I:/tt/mem.v:80]
INFO: [Synth 8-6155] done synthesizing module 'mem' (13#1) [I:/tt/mem.v:3]
INFO: [Synth 8-6157] synthesizing module 'mem_wb' [I:/tt/mem_wb.v:3]
INFO: [Synth 8-6155] done synthesizing module 'mem_wb' (14#1) [I:/tt/mem_wb.v:3]
WARNING: [Synth 8-3848] Net dbgreg_dout in module/entity cpu does not have driver. [I:/tt/cpu.v:18]
WARNING: [Synth 8-3848] Net mem_reg_o in module/entity cpu does not have driver. [I:/tt/cpu.v:215]
INFO: [Synth 8-6155] done synthesizing module 'cpu' (15#1) [I:/tt/cpu.v:8]
INFO: [Synth 8-6157] synthesizing module 'hci' [I:/tt/hci.v:30]
	Parameter SYS_CLK_FREQ bound to: 100000000 - type: integer 
	Parameter RAM_ADDR_WIDTH bound to: 17 - type: integer 
	Parameter BAUD_RATE bound to: 115200 - type: integer 
	Parameter OP_ECHO bound to: 8'b00000000 
	Parameter OP_CPU_REG_RD bound to: 8'b00000001 
	Parameter OP_CPU_REG_WR bound to: 8'b00000010 
	Parameter OP_DBG_BRK bound to: 8'b00000011 
	Parameter OP_DBG_RUN bound to: 8'b00000100 
	Parameter OP_IO_IN bound to: 8'b00000101 
	Parameter OP_QUERY_DBG_BRK bound to: 8'b00000111 
	Parameter OP_QUERY_ERR_CODE bound to: 8'b00001000 
	Parameter OP_MEM_RD bound to: 8'b00001001 
	Parameter OP_MEM_WR bound to: 8'b00001010 
	Parameter OP_DISABLE bound to: 8'b00001011 
	Parameter DBG_UART_PARITY_ERR bound to: 0 - type: integer 
	Parameter DBG_UNKNOWN_OPCODE bound to: 1 - type: integer 
	Parameter S_DISABLED bound to: 5'b00000 
	Parameter S_DECODE bound to: 5'b00001 
	Parameter S_ECHO_STG_0 bound to: 5'b00010 
	Parameter S_ECHO_STG_1 bound to: 5'b00011 
	Parameter S_IO_IN_STG_0 bound to: 5'b00100 
	Parameter S_IO_IN_STG_1 bound to: 5'b00101 
	Parameter S_CPU_REG_RD_STG0 bound to: 5'b00110 
	Parameter S_CPU_REG_RD_STG1 bound to: 5'b00111 
	Parameter S_QUERY_ERR_CODE bound to: 5'b01000 
	Parameter S_MEM_RD_STG_0 bound to: 5'b01001 
	Parameter S_MEM_RD_STG_1 bound to: 5'b01010 
	Parameter S_MEM_WR_STG_0 bound to: 5'b01011 
	Parameter S_MEM_WR_STG_1 bound to: 5'b01100 
	Parameter S_DISABLE bound to: 5'b10000 
	Parameter IO_IN_BUF_WIDTH bound to: 10 - type: integer 
INFO: [Synth 8-6157] synthesizing module 'fifo' [I:/tt/common/fifo/fifo.v:27]
	Parameter DATA_BITS bound to: 8 - type: integer 
	Parameter ADDR_BITS bound to: 10 - type: integer 
INFO: [Synth 8-6155] done synthesizing module 'fifo' (16#1) [I:/tt/common/fifo/fifo.v:27]
INFO: [Synth 8-6157] synthesizing module 'uart' [I:/tt/common/uart/uart.v:28]
	Parameter SYS_CLK_FREQ bound to: 100000000 - type: integer 
	Parameter BAUD_RATE bound to: 115200 - type: integer 
	Parameter DATA_BITS bound to: 8 - type: integer 
	Parameter STOP_BITS bound to: 1 - type: integer 
	Parameter PARITY_MODE bound to: 1 - type: integer 
	Parameter BAUD_CLK_OVERSAMPLE_RATE bound to: 16 - type: integer 
INFO: [Synth 8-6157] synthesizing module 'uart_baud_clk' [I:/tt/common/uart/uart_baud_clk.v:29]
	Parameter SYS_CLK_FREQ bound to: 100000000 - type: integer 
	Parameter BAUD bound to: 115200 - type: integer 
	Parameter BAUD_CLK_OVERSAMPLE_RATE bound to: 16 - type: integer 
	Parameter CLKS_PER_OVERSAMPLE_TICK bound to: 16'b0000000000110110 
INFO: [Synth 8-6155] done synthesizing module 'uart_baud_clk' (17#1) [I:/tt/common/uart/uart_baud_clk.v:29]
INFO: [Synth 8-6157] synthesizing module 'uart_rx' [I:/tt/common/uart/uart_rx.v:28]
	Parameter DATA_BITS bound to: 8 - type: integer 
	Parameter STOP_BITS bound to: 1 - type: integer 
	Parameter PARITY_MODE bound to: 1 - type: integer 
	Parameter BAUD_CLK_OVERSAMPLE_RATE bound to: 16 - type: integer 
	Parameter STOP_OVERSAMPLE_TICKS bound to: 6'b010000 
	Parameter S_IDLE bound to: 5'b00001 
	Parameter S_START bound to: 5'b00010 
	Parameter S_DATA bound to: 5'b00100 
	Parameter S_PARITY bound to: 5'b01000 
	Parameter S_STOP bound to: 5'b10000 
INFO: [Synth 8-155] case statement is not full and has no default [I:/tt/common/uart/uart_rx.v:101]
INFO: [Synth 8-6155] done synthesizing module 'uart_rx' (18#1) [I:/tt/common/uart/uart_rx.v:28]
INFO: [Synth 8-6157] synthesizing module 'uart_tx' [I:/tt/common/uart/uart_tx.v:28]
	Parameter DATA_BITS bound to: 8 - type: integer 
	Parameter STOP_BITS bound to: 1 - type: integer 
	Parameter PARITY_MODE bound to: 1 - type: integer 
	Parameter BAUD_CLK_OVERSAMPLE_RATE bound to: 16 - type: integer 
	Parameter STOP_OVERSAMPLE_TICKS bound to: 6'b010000 
	Parameter S_IDLE bound to: 5'b00001 
	Parameter S_START bound to: 5'b00010 
	Parameter S_DATA bound to: 5'b00100 
	Parameter S_PARITY bound to: 5'b01000 
	Parameter S_STOP bound to: 5'b10000 
INFO: [Synth 8-155] case statement is not full and has no default [I:/tt/common/uart/uart_tx.v:101]
INFO: [Synth 8-6155] done synthesizing module 'uart_tx' (19#1) [I:/tt/common/uart/uart_tx.v:28]
INFO: [Synth 8-6157] synthesizing module 'fifo__parameterized0' [I:/tt/common/fifo/fifo.v:27]
	Parameter DATA_BITS bound to: 8 - type: integer 
	Parameter ADDR_BITS bound to: 3 - type: integer 
INFO: [Synth 8-6155] done synthesizing module 'fifo__parameterized0' (19#1) [I:/tt/common/fifo/fifo.v:27]
INFO: [Synth 8-6155] done synthesizing module 'uart' (20#1) [I:/tt/common/uart/uart.v:28]
INFO: [Synth 8-155] case statement is not full and has no default [I:/tt/hci.v:203]
INFO: [Synth 8-155] case statement is not full and has no default [I:/tt/hci.v:237]
INFO: [Synth 8-155] case statement is not full and has no default [I:/tt/hci.v:255]
INFO: [Synth 8-155] case statement is not full and has no default [I:/tt/hci.v:270]
INFO: [Synth 8-6155] done synthesizing module 'hci' (21#1) [I:/tt/hci.v:30]
INFO: [Synth 8-6155] done synthesizing module 'riscv_top' (22#1) [I:/tt/riscv_top.v:4]
WARNING: [Synth 8-3331] design mem_wb has unconnected port stall[5]
WARNING: [Synth 8-3331] design mem_wb has unconnected port stall[2]
WARNING: [Synth 8-3331] design mem_wb has unconnected port stall[1]
WARNING: [Synth 8-3331] design mem_wb has unconnected port stall[0]
WARNING: [Synth 8-3331] design ex_mem has unconnected port stall[5]
WARNING: [Synth 8-3331] design ex_mem has unconnected port stall[4]
WARNING: [Synth 8-3331] design ex_mem has unconnected port stall[1]
WARNING: [Synth 8-3331] design ex_mem has unconnected port stall[0]
WARNING: [Synth 8-3331] design ex has unconnected port wreg_i
WARNING: [Synth 8-3331] design id_ex has unconnected port stall[5]
WARNING: [Synth 8-3331] design id_ex has unconnected port stall[4]
WARNING: [Synth 8-3331] design id_ex has unconnected port stall[3]
WARNING: [Synth 8-3331] design id_ex has unconnected port stall[0]
WARNING: [Synth 8-3331] design if_id has unconnected port stall[5]
WARNING: [Synth 8-3331] design if_id has unconnected port stall[4]
WARNING: [Synth 8-3331] design if_id has unconnected port stall[3]
WARNING: [Synth 8-3331] design if_id has unconnected port stall[2]
WARNING: [Synth 8-3331] design inst_cache has unconnected port clk
WARNING: [Synth 8-3331] design inst_cache has unconnected port query_addr[31]
WARNING: [Synth 8-3331] design inst_cache has unconnected port query_addr[30]
WARNING: [Synth 8-3331] design inst_cache has unconnected port query_addr[29]
WARNING: [Synth 8-3331] design inst_cache has unconnected port query_addr[28]
WARNING: [Synth 8-3331] design inst_cache has unconnected port query_addr[27]
WARNING: [Synth 8-3331] design inst_cache has unconnected port query_addr[26]
WARNING: [Synth 8-3331] design inst_cache has unconnected port query_addr[25]
WARNING: [Synth 8-3331] design inst_cache has unconnected port query_addr[24]
WARNING: [Synth 8-3331] design inst_cache has unconnected port query_addr[23]
WARNING: [Synth 8-3331] design inst_cache has unconnected port query_addr[22]
WARNING: [Synth 8-3331] design inst_cache has unconnected port query_addr[21]
WARNING: [Synth 8-3331] design inst_cache has unconnected port query_addr[20]
WARNING: [Synth 8-3331] design inst_cache has unconnected port query_addr[19]
WARNING: [Synth 8-3331] design inst_cache has unconnected port query_addr[18]
WARNING: [Synth 8-3331] design inst_cache has unconnected port query_addr[17]
WARNING: [Synth 8-3331] design inst_cache has unconnected port inst_addr[31]
WARNING: [Synth 8-3331] design inst_cache has unconnected port inst_addr[30]
WARNING: [Synth 8-3331] design inst_cache has unconnected port inst_addr[29]
WARNING: [Synth 8-3331] design inst_cache has unconnected port inst_addr[28]
WARNING: [Synth 8-3331] design inst_cache has unconnected port inst_addr[27]
WARNING: [Synth 8-3331] design inst_cache has unconnected port inst_addr[26]
WARNING: [Synth 8-3331] design inst_cache has unconnected port inst_addr[25]
WARNING: [Synth 8-3331] design inst_cache has unconnected port inst_addr[24]
WARNING: [Synth 8-3331] design inst_cache has unconnected port inst_addr[23]
WARNING: [Synth 8-3331] design inst_cache has unconnected port inst_addr[22]
WARNING: [Synth 8-3331] design inst_cache has unconnected port inst_addr[21]
WARNING: [Synth 8-3331] design inst_cache has unconnected port inst_addr[20]
WARNING: [Synth 8-3331] design inst_cache has unconnected port inst_addr[19]
WARNING: [Synth 8-3331] design inst_cache has unconnected port inst_addr[18]
WARNING: [Synth 8-3331] design inst_cache has unconnected port inst_addr[17]
WARNING: [Synth 8-3331] design pc_reg has unconnected port stall[5]
WARNING: [Synth 8-3331] design pc_reg has unconnected port stall[4]
WARNING: [Synth 8-3331] design pc_reg has unconnected port stall[3]
WARNING: [Synth 8-3331] design pc_reg has unconnected port stall[2]
WARNING: [Synth 8-3331] design pc_reg has unconnected port stall[1]
WARNING: [Synth 8-3331] design memctrl has unconnected port clk
WARNING: [Synth 8-3331] design cpu has unconnected port dbgreg_dout[31]
WARNING: [Synth 8-3331] design cpu has unconnected port dbgreg_dout[30]
WARNING: [Synth 8-3331] design cpu has unconnected port dbgreg_dout[29]
WARNING: [Synth 8-3331] design cpu has unconnected port dbgreg_dout[28]
WARNING: [Synth 8-3331] design cpu has unconnected port dbgreg_dout[27]
WARNING: [Synth 8-3331] design cpu has unconnected port dbgreg_dout[26]
WARNING: [Synth 8-3331] design cpu has unconnected port dbgreg_dout[25]
WARNING: [Synth 8-3331] design cpu has unconnected port dbgreg_dout[24]
WARNING: [Synth 8-3331] design cpu has unconnected port dbgreg_dout[23]
WARNING: [Synth 8-3331] design cpu has unconnected port dbgreg_dout[22]
WARNING: [Synth 8-3331] design cpu has unconnected port dbgreg_dout[21]
WARNING: [Synth 8-3331] design cpu has unconnected port dbgreg_dout[20]
WARNING: [Synth 8-3331] design cpu has unconnected port dbgreg_dout[19]
WARNING: [Synth 8-3331] design cpu has unconnected port dbgreg_dout[18]
WARNING: [Synth 8-3331] design cpu has unconnected port dbgreg_dout[17]
WARNING: [Synth 8-3331] design cpu has unconnected port dbgreg_dout[16]
WARNING: [Synth 8-3331] design cpu has unconnected port dbgreg_dout[15]
WARNING: [Synth 8-3331] design cpu has unconnected port dbgreg_dout[14]
WARNING: [Synth 8-3331] design cpu has unconnected port dbgreg_dout[13]
WARNING: [Synth 8-3331] design cpu has unconnected port dbgreg_dout[12]
WARNING: [Synth 8-3331] design cpu has unconnected port dbgreg_dout[11]
WARNING: [Synth 8-3331] design cpu has unconnected port dbgreg_dout[10]
WARNING: [Synth 8-3331] design cpu has unconnected port dbgreg_dout[9]
WARNING: [Synth 8-3331] design cpu has unconnected port dbgreg_dout[8]
WARNING: [Synth 8-3331] design cpu has unconnected port dbgreg_dout[7]
WARNING: [Synth 8-3331] design cpu has unconnected port dbgreg_dout[6]
WARNING: [Synth 8-3331] design cpu has unconnected port dbgreg_dout[5]
WARNING: [Synth 8-3331] design cpu has unconnected port dbgreg_dout[4]
WARNING: [Synth 8-3331] design cpu has unconnected port dbgreg_dout[3]
WARNING: [Synth 8-3331] design cpu has unconnected port dbgreg_dout[2]
WARNING: [Synth 8-3331] design cpu has unconnected port dbgreg_dout[1]
WARNING: [Synth 8-3331] design cpu has unconnected port dbgreg_dout[0]
WARNING: [Synth 8-3331] design cpu has unconnected port rdy_in
---------------------------------------------------------------------------------
Finished RTL Elaboration : Time (s): cpu = 00:00:12 ; elapsed = 00:00:13 . Memory (MB): peak = 489.934 ; gain = 227.930
---------------------------------------------------------------------------------

Report Check Netlist: 
+------+------------------+-------+---------+-------+------------------+
|      |Item              |Errors |Warnings |Status |Description       |
+------+------------------+-------+---------+-------+------------------+
|1     |multi_driven_nets |      0|        0|Passed |Multi driven nets |
+------+------------------+-------+---------+-------+------------------+
WARNING: [Synth 8-3295] tying undriven pin id0:mem_wreg_i to constant 0 [I:/tt/cpu.v:203]
---------------------------------------------------------------------------------
Start Handling Custom Attributes
---------------------------------------------------------------------------------
---------------------------------------------------------------------------------
Finished Handling Custom Attributes : Time (s): cpu = 00:00:13 ; elapsed = 00:00:13 . Memory (MB): peak = 489.934 ; gain = 227.930
---------------------------------------------------------------------------------
---------------------------------------------------------------------------------
Finished RTL Optimization Phase 1 : Time (s): cpu = 00:00:13 ; elapsed = 00:00:13 . Memory (MB): peak = 489.934 ; gain = 227.930
---------------------------------------------------------------------------------
INFO: [Device 21-403] Loading part xc7a35tcpg236-1
INFO: [Project 1-570] Preparing netlist for logic optimization

Processing XDC Constraints
Initializing timing engine
Parsing XDC File [I:/tt/Basys-3-Master.xdc]
Finished Parsing XDC File [I:/tt/Basys-3-Master.xdc]
INFO: [Project 1-236] Implementation specific constraints were found while reading constraint file [I:/tt/Basys-3-Master.xdc]. These constraints will be ignored for synthesis but will be used in implementation. Impacted constraints are listed in the file [.Xil/riscv_top_propImpl.xdc].
Resolution: To avoid this warning, move constraints listed in [.Xil/riscv_top_propImpl.xdc] to another XDC file and exclude this new file from synthesis with the used_in_synthesis property (File Properties dialog in GUI) and re-run elaboration/synthesis.
Netlist sorting complete. Time (s): cpu = 00:00:00 ; elapsed = 00:00:00.001 . Memory (MB): peak = 824.973 ; gain = 0.000
Completed Processing XDC Constraints

Netlist sorting complete. Time (s): cpu = 00:00:00 ; elapsed = 00:00:00.001 . Memory (MB): peak = 824.973 ; gain = 0.000
INFO: [Project 1-111] Unisim Transformation Summary:
No Unisim elements were transformed.

Netlist sorting complete. Time (s): cpu = 00:00:00 ; elapsed = 00:00:00.001 . Memory (MB): peak = 824.973 ; gain = 0.000
Constraint Validation Runtime : Time (s): cpu = 00:00:00 ; elapsed = 00:00:00.006 . Memory (MB): peak = 824.973 ; gain = 0.000
---------------------------------------------------------------------------------
Finished Constraint Validation : Time (s): cpu = 00:00:20 ; elapsed = 00:00:22 . Memory (MB): peak = 824.973 ; gain = 562.969
---------------------------------------------------------------------------------
---------------------------------------------------------------------------------
Start Loading Part and Timing Information
---------------------------------------------------------------------------------
Loading part: xc7a35tcpg236-1
---------------------------------------------------------------------------------
Finished Loading Part and Timing Information : Time (s): cpu = 00:00:20 ; elapsed = 00:00:22 . Memory (MB): peak = 824.973 ; gain = 562.969
---------------------------------------------------------------------------------
---------------------------------------------------------------------------------
Start Applying 'set_property' XDC Constraints
---------------------------------------------------------------------------------
---------------------------------------------------------------------------------
Finished applying 'set_property' XDC Constraints : Time (s): cpu = 00:00:20 ; elapsed = 00:00:22 . Memory (MB): peak = 824.973 ; gain = 562.969
---------------------------------------------------------------------------------
INFO: [Synth 8-5544] ROM "get_inst" won't be mapped to Block RAM because address size (4) smaller than threshold (5)
INFO: [Synth 8-5546] ROM "inst_cache_reg[127]" won't be mapped to RAM because it is too sparse
INFO: [Synth 8-5546] ROM "inst_cache_reg[126]" won't be mapped to RAM because it is too sparse
INFO: [Synth 8-5546] ROM "inst_cache_reg[125]" won't be mapped to RAM because it is too sparse
INFO: [Synth 8-5546] ROM "inst_cache_reg[124]" won't be mapped to RAM because it is too sparse
INFO: [Synth 8-5546] ROM "inst_cache_reg[123]" won't be mapped to RAM because it is too sparse
INFO: [Synth 8-5546] ROM "inst_cache_reg[122]" won't be mapped to RAM because it is too sparse
INFO: [Synth 8-5546] ROM "inst_cache_reg[121]" won't be mapped to RAM because it is too sparse
INFO: [Synth 8-5546] ROM "inst_cache_reg[120]" won't be mapped to RAM because it is too sparse
INFO: [Synth 8-5546] ROM "inst_cache_reg[119]" won't be mapped to RAM because it is too sparse
INFO: [Synth 8-5546] ROM "inst_cache_reg[118]" won't be mapped to RAM because it is too sparse
INFO: [Synth 8-5546] ROM "inst_cache_reg[117]" won't be mapped to RAM because it is too sparse
INFO: [Synth 8-5546] ROM "inst_cache_reg[116]" won't be mapped to RAM because it is too sparse
INFO: [Synth 8-5546] ROM "inst_cache_reg[115]" won't be mapped to RAM because it is too sparse
INFO: [Synth 8-5546] ROM "inst_cache_reg[114]" won't be mapped to RAM because it is too sparse
INFO: [Synth 8-5546] ROM "inst_cache_reg[113]" won't be mapped to RAM because it is too sparse
INFO: [Synth 8-5546] ROM "inst_cache_reg[112]" won't be mapped to RAM because it is too sparse
INFO: [Synth 8-5546] ROM "inst_cache_reg[111]" won't be mapped to RAM because it is too sparse
INFO: [Synth 8-5546] ROM "inst_cache_reg[110]" won't be mapped to RAM because it is too sparse
INFO: [Synth 8-5546] ROM "inst_cache_reg[109]" won't be mapped to RAM because it is too sparse
INFO: [Synth 8-5546] ROM "inst_cache_reg[108]" won't be mapped to RAM because it is too sparse
INFO: [Synth 8-5546] ROM "inst_cache_reg[107]" won't be mapped to RAM because it is too sparse
INFO: [Synth 8-5546] ROM "inst_cache_reg[106]" won't be mapped to RAM because it is too sparse
INFO: [Synth 8-5546] ROM "inst_cache_reg[105]" won't be mapped to RAM because it is too sparse
INFO: [Synth 8-5546] ROM "inst_cache_reg[104]" won't be mapped to RAM because it is too sparse
INFO: [Synth 8-5546] ROM "inst_cache_reg[103]" won't be mapped to RAM because it is too sparse
INFO: [Synth 8-5546] ROM "inst_cache_reg[102]" won't be mapped to RAM because it is too sparse
INFO: [Synth 8-5546] ROM "inst_cache_reg[101]" won't be mapped to RAM because it is too sparse
INFO: [Synth 8-5546] ROM "inst_cache_reg[100]" won't be mapped to RAM because it is too sparse
INFO: [Synth 8-5546] ROM "inst_cache_reg[99]" won't be mapped to RAM because it is too sparse
INFO: [Synth 8-5546] ROM "inst_cache_reg[98]" won't be mapped to RAM because it is too sparse
INFO: [Synth 8-5546] ROM "inst_cache_reg[97]" won't be mapped to RAM because it is too sparse
INFO: [Synth 8-5546] ROM "inst_cache_reg[96]" won't be mapped to RAM because it is too sparse
INFO: [Synth 8-5546] ROM "inst_cache_reg[95]" won't be mapped to RAM because it is too sparse
INFO: [Synth 8-5546] ROM "inst_cache_reg[94]" won't be mapped to RAM because it is too sparse
INFO: [Synth 8-5546] ROM "inst_cache_reg[93]" won't be mapped to RAM because it is too sparse
INFO: [Synth 8-5546] ROM "inst_cache_reg[92]" won't be mapped to RAM because it is too sparse
INFO: [Synth 8-5546] ROM "inst_cache_reg[91]" won't be mapped to RAM because it is too sparse
INFO: [Synth 8-5546] ROM "inst_cache_reg[90]" won't be mapped to RAM because it is too sparse
INFO: [Synth 8-5546] ROM "inst_cache_reg[89]" won't be mapped to RAM because it is too sparse
INFO: [Synth 8-5546] ROM "inst_cache_reg[88]" won't be mapped to RAM because it is too sparse
INFO: [Synth 8-5546] ROM "inst_cache_reg[87]" won't be mapped to RAM because it is too sparse
INFO: [Synth 8-5546] ROM "inst_cache_reg[86]" won't be mapped to RAM because it is too sparse
INFO: [Synth 8-5546] ROM "inst_cache_reg[85]" won't be mapped to RAM because it is too sparse
INFO: [Synth 8-5546] ROM "inst_cache_reg[84]" won't be mapped to RAM because it is too sparse
INFO: [Synth 8-5546] ROM "inst_cache_reg[83]" won't be mapped to RAM because it is too sparse
INFO: [Synth 8-5546] ROM "inst_cache_reg[82]" won't be mapped to RAM because it is too sparse
INFO: [Synth 8-5546] ROM "inst_cache_reg[81]" won't be mapped to RAM because it is too sparse
INFO: [Synth 8-5546] ROM "inst_cache_reg[80]" won't be mapped to RAM because it is too sparse
INFO: [Synth 8-5546] ROM "inst_cache_reg[79]" won't be mapped to RAM because it is too sparse
INFO: [Synth 8-5546] ROM "inst_cache_reg[78]" won't be mapped to RAM because it is too sparse
INFO: [Synth 8-5546] ROM "inst_cache_reg[77]" won't be mapped to RAM because it is too sparse
INFO: [Synth 8-5546] ROM "inst_cache_reg[76]" won't be mapped to RAM because it is too sparse
INFO: [Synth 8-5546] ROM "inst_cache_reg[75]" won't be mapped to RAM because it is too sparse
INFO: [Synth 8-5546] ROM "inst_cache_reg[74]" won't be mapped to RAM because it is too sparse
INFO: [Synth 8-5546] ROM "inst_cache_reg[73]" won't be mapped to RAM because it is too sparse
INFO: [Synth 8-5546] ROM "inst_cache_reg[72]" won't be mapped to RAM because it is too sparse
INFO: [Synth 8-5546] ROM "inst_cache_reg[71]" won't be mapped to RAM because it is too sparse
INFO: [Synth 8-5546] ROM "inst_cache_reg[70]" won't be mapped to RAM because it is too sparse
INFO: [Synth 8-5546] ROM "inst_cache_reg[69]" won't be mapped to RAM because it is too sparse
INFO: [Synth 8-5546] ROM "inst_cache_reg[68]" won't be mapped to RAM because it is too sparse
INFO: [Synth 8-5546] ROM "inst_cache_reg[67]" won't be mapped to RAM because it is too sparse
INFO: [Synth 8-5546] ROM "inst_cache_reg[66]" won't be mapped to RAM because it is too sparse
INFO: [Synth 8-5546] ROM "inst_cache_reg[65]" won't be mapped to RAM because it is too sparse
INFO: [Synth 8-5546] ROM "inst_cache_reg[64]" won't be mapped to RAM because it is too sparse
INFO: [Synth 8-5546] ROM "inst_cache_reg[63]" won't be mapped to RAM because it is too sparse
INFO: [Synth 8-5546] ROM "inst_cache_reg[62]" won't be mapped to RAM because it is too sparse
INFO: [Synth 8-5546] ROM "inst_cache_reg[61]" won't be mapped to RAM because it is too sparse
INFO: [Synth 8-5546] ROM "inst_cache_reg[60]" won't be mapped to RAM because it is too sparse
INFO: [Synth 8-5546] ROM "inst_cache_reg[59]" won't be mapped to RAM because it is too sparse
INFO: [Synth 8-5546] ROM "inst_cache_reg[58]" won't be mapped to RAM because it is too sparse
INFO: [Synth 8-5546] ROM "inst_cache_reg[57]" won't be mapped to RAM because it is too sparse
INFO: [Synth 8-5546] ROM "inst_cache_reg[56]" won't be mapped to RAM because it is too sparse
INFO: [Synth 8-5546] ROM "inst_cache_reg[55]" won't be mapped to RAM because it is too sparse
INFO: [Synth 8-5546] ROM "inst_cache_reg[54]" won't be mapped to RAM because it is too sparse
INFO: [Synth 8-5546] ROM "inst_cache_reg[53]" won't be mapped to RAM because it is too sparse
INFO: [Synth 8-5546] ROM "inst_cache_reg[52]" won't be mapped to RAM because it is too sparse
INFO: [Synth 8-5546] ROM "inst_cache_reg[51]" won't be mapped to RAM because it is too sparse
INFO: [Synth 8-5546] ROM "inst_cache_reg[50]" won't be mapped to RAM because it is too sparse
INFO: [Synth 8-5546] ROM "inst_cache_reg[49]" won't be mapped to RAM because it is too sparse
INFO: [Synth 8-5546] ROM "inst_cache_reg[48]" won't be mapped to RAM because it is too sparse
INFO: [Synth 8-5546] ROM "inst_cache_reg[47]" won't be mapped to RAM because it is too sparse
INFO: [Synth 8-5546] ROM "inst_cache_reg[46]" won't be mapped to RAM because it is too sparse
INFO: [Synth 8-5546] ROM "inst_cache_reg[45]" won't be mapped to RAM because it is too sparse
INFO: [Synth 8-5546] ROM "inst_cache_reg[44]" won't be mapped to RAM because it is too sparse
INFO: [Synth 8-5546] ROM "inst_cache_reg[43]" won't be mapped to RAM because it is too sparse
INFO: [Synth 8-5546] ROM "inst_cache_reg[42]" won't be mapped to RAM because it is too sparse
INFO: [Synth 8-5546] ROM "inst_cache_reg[41]" won't be mapped to RAM because it is too sparse
INFO: [Synth 8-5546] ROM "inst_cache_reg[40]" won't be mapped to RAM because it is too sparse
INFO: [Synth 8-5546] ROM "inst_cache_reg[39]" won't be mapped to RAM because it is too sparse
INFO: [Synth 8-5546] ROM "inst_cache_reg[38]" won't be mapped to RAM because it is too sparse
INFO: [Synth 8-5546] ROM "inst_cache_reg[37]" won't be mapped to RAM because it is too sparse
INFO: [Synth 8-5546] ROM "inst_cache_reg[36]" won't be mapped to RAM because it is too sparse
INFO: [Synth 8-5546] ROM "inst_cache_reg[35]" won't be mapped to RAM because it is too sparse
INFO: [Synth 8-5546] ROM "inst_cache_reg[34]" won't be mapped to RAM because it is too sparse
INFO: [Synth 8-5546] ROM "inst_cache_reg[33]" won't be mapped to RAM because it is too sparse
INFO: [Synth 8-5546] ROM "inst_cache_reg[32]" won't be mapped to RAM because it is too sparse
INFO: [Synth 8-5546] ROM "inst_cache_reg[31]" won't be mapped to RAM because it is too sparse
INFO: [Synth 8-5546] ROM "inst_cache_reg[30]" won't be mapped to RAM because it is too sparse
INFO: [Synth 8-5546] ROM "inst_cache_reg[29]" won't be mapped to RAM because it is too sparse
INFO: [Synth 8-5546] ROM "inst_cache_reg[28]" won't be mapped to RAM because it is too sparse
INFO: [Common 17-14] Message 'Synth 8-5546' appears 100 times and further instances of the messages will be disabled. Use the Tcl command set_msg_config to change the current settings.
INFO: [Synth 8-5587] ROM size for "aluop_o" is below threshold of ROM address width. It will be mapped to LUTs
INFO: [Synth 8-5544] ROM "alusel_o" won't be mapped to Block RAM because address size (4) smaller than threshold (5)
INFO: [Synth 8-5544] ROM "alusel_o" won't be mapped to Block RAM because address size (4) smaller than threshold (5)
INFO: [Synth 8-5544] ROM "alusel_o" won't be mapped to Block RAM because address size (4) smaller than threshold (5)
INFO: [Synth 8-5587] ROM size for "wreg_o" is below threshold of ROM address width. It will be mapped to LUTs
INFO: [Synth 8-5587] ROM size for "reg1_read_o" is below threshold of ROM address width. It will be mapped to LUTs
INFO: [Synth 8-5587] ROM size for "reg2_read_o" is below threshold of ROM address width. It will be mapped to LUTs
INFO: [Synth 8-5587] ROM size for "aluop_o" is below threshold of ROM address width. It will be mapped to LUTs
INFO: [Synth 8-5544] ROM "alusel_o" won't be mapped to Block RAM because address size (4) smaller than threshold (5)
INFO: [Synth 8-5544] ROM "alusel_o" won't be mapped to Block RAM because address size (4) smaller than threshold (5)
INFO: [Synth 8-5544] ROM "alusel_o" won't be mapped to Block RAM because address size (4) smaller than threshold (5)
INFO: [Synth 8-5587] ROM size for "wreg_o" is below threshold of ROM address width. It will be mapped to LUTs
INFO: [Synth 8-5587] ROM size for "reg1_read_o" is below threshold of ROM address width. It will be mapped to LUTs
INFO: [Synth 8-5587] ROM size for "reg2_read_o" is below threshold of ROM address width. It will be mapped to LUTs
INFO: [Synth 8-5544] ROM "alusel_o" won't be mapped to Block RAM because address size (4) smaller than threshold (5)
INFO: [Synth 8-802] inferred FSM for state register 'state_reg' in module 'mem'
INFO: [Synth 8-5544] ROM "mem_req" won't be mapped to Block RAM because address size (4) smaller than threshold (5)
INFO: [Synth 8-802] inferred FSM for state register 'q_state_reg' in module 'uart_rx'
INFO: [Synth 8-5544] ROM "d_state" won't be mapped to Block RAM because address size (3) smaller than threshold (5)
INFO: [Synth 8-5544] ROM "d_data_bit_idx" won't be mapped to Block RAM because address size (3) smaller than threshold (5)
INFO: [Synth 8-802] inferred FSM for state register 'q_state_reg' in module 'uart_tx'
INFO: [Synth 8-5544] ROM "d_state" won't be mapped to Block RAM because address size (3) smaller than threshold (5)
INFO: [Synth 8-802] inferred FSM for state register 'q_state_reg' in module 'hci'
INFO: [Synth 8-5544] ROM "d_state" won't be mapped to Block RAM because address size (3) smaller than threshold (5)
INFO: [Synth 8-5544] ROM "d_execute_cnt" won't be mapped to Block RAM because address size (3) smaller than threshold (5)
INFO: [Synth 8-5544] ROM "d_execute_cnt" won't be mapped to Block RAM because address size (3) smaller than threshold (5)
INFO: [Synth 8-5544] ROM "d_state0" won't be mapped to Block RAM because address size (1) smaller than threshold (5)
INFO: [Synth 8-5544] ROM "d_state0" won't be mapped to Block RAM because address size (1) smaller than threshold (5)
INFO: [Synth 8-5544] ROM "d_state0" won't be mapped to Block RAM because address size (1) smaller than threshold (5)
INFO: [Synth 8-5544] ROM "d_state0" won't be mapped to Block RAM because address size (1) smaller than threshold (5)
INFO: [Synth 8-5544] ROM "ram_en" won't be mapped to Block RAM because address size (2) smaller than threshold (5)
INFO: [Synth 8-5544] ROM "hci_io_en" won't be mapped to Block RAM because address size (2) smaller than threshold (5)
WARNING: [Synth 8-327] inferring latch for variable 'inst_factor_o_reg' [I:/tt/memctrl.v:60]
WARNING: [Synth 8-327] inferring latch for variable 'output_data_reg' [I:/tt/memctrl.v:59]
WARNING: [Synth 8-327] inferring latch for variable 'mmem_r_w_reg' [I:/tt/memctrl.v:34]
WARNING: [Synth 8-327] inferring latch for variable 'mmem_addr_reg' [I:/tt/memctrl.v:35]
WARNING: [Synth 8-327] inferring latch for variable 'mmem_data_reg' [I:/tt/memctrl.v:36]
WARNING: [Synth 8-327] inferring latch for variable 'if_mem_reg' [I:/tt/memctrl.v:37]
WARNING: [Synth 8-327] inferring latch for variable 'inst_valid_reg[127]' [I:/tt/inst_cache.v:42]
WARNING: [Synth 8-327] inferring latch for variable 'inst_valid_reg[126]' [I:/tt/inst_cache.v:42]
WARNING: [Synth 8-327] inferring latch for variable 'inst_valid_reg[125]' [I:/tt/inst_cache.v:42]
WARNING: [Synth 8-327] inferring latch for variable 'inst_valid_reg[124]' [I:/tt/inst_cache.v:42]
WARNING: [Synth 8-327] inferring latch for variable 'inst_valid_reg[123]' [I:/tt/inst_cache.v:42]
WARNING: [Synth 8-327] inferring latch for variable 'inst_valid_reg[122]' [I:/tt/inst_cache.v:42]
WARNING: [Synth 8-327] inferring latch for variable 'inst_valid_reg[121]' [I:/tt/inst_cache.v:42]
WARNING: [Synth 8-327] inferring latch for variable 'inst_valid_reg[120]' [I:/tt/inst_cache.v:42]
WARNING: [Synth 8-327] inferring latch for variable 'inst_valid_reg[119]' [I:/tt/inst_cache.v:42]
WARNING: [Synth 8-327] inferring latch for variable 'inst_valid_reg[118]' [I:/tt/inst_cache.v:42]
WARNING: [Synth 8-327] inferring latch for variable 'inst_valid_reg[117]' [I:/tt/inst_cache.v:42]
WARNING: [Synth 8-327] inferring latch for variable 'inst_valid_reg[116]' [I:/tt/inst_cache.v:42]
WARNING: [Synth 8-327] inferring latch for variable 'inst_valid_reg[115]' [I:/tt/inst_cache.v:42]
WARNING: [Synth 8-327] inferring latch for variable 'inst_valid_reg[114]' [I:/tt/inst_cache.v:42]
WARNING: [Synth 8-327] inferring latch for variable 'inst_valid_reg[113]' [I:/tt/inst_cache.v:42]
WARNING: [Synth 8-327] inferring latch for variable 'inst_valid_reg[112]' [I:/tt/inst_cache.v:42]
WARNING: [Synth 8-327] inferring latch for variable 'inst_valid_reg[111]' [I:/tt/inst_cache.v:42]
WARNING: [Synth 8-327] inferring latch for variable 'inst_valid_reg[110]' [I:/tt/inst_cache.v:42]
WARNING: [Synth 8-327] inferring latch for variable 'inst_valid_reg[109]' [I:/tt/inst_cache.v:42]
WARNING: [Synth 8-327] inferring latch for variable 'inst_valid_reg[108]' [I:/tt/inst_cache.v:42]
WARNING: [Synth 8-327] inferring latch for variable 'inst_valid_reg[107]' [I:/tt/inst_cache.v:42]
WARNING: [Synth 8-327] inferring latch for variable 'inst_valid_reg[106]' [I:/tt/inst_cache.v:42]
WARNING: [Synth 8-327] inferring latch for variable 'inst_valid_reg[105]' [I:/tt/inst_cache.v:42]
WARNING: [Synth 8-327] inferring latch for variable 'inst_valid_reg[104]' [I:/tt/inst_cache.v:42]
WARNING: [Synth 8-327] inferring latch for variable 'inst_valid_reg[103]' [I:/tt/inst_cache.v:42]
WARNING: [Synth 8-327] inferring latch for variable 'inst_valid_reg[102]' [I:/tt/inst_cache.v:42]
WARNING: [Synth 8-327] inferring latch for variable 'inst_valid_reg[101]' [I:/tt/inst_cache.v:42]
WARNING: [Synth 8-327] inferring latch for variable 'inst_valid_reg[100]' [I:/tt/inst_cache.v:42]
WARNING: [Synth 8-327] inferring latch for variable 'inst_valid_reg[99]' [I:/tt/inst_cache.v:42]
WARNING: [Synth 8-327] inferring latch for variable 'inst_valid_reg[98]' [I:/tt/inst_cache.v:42]
WARNING: [Synth 8-327] inferring latch for variable 'inst_valid_reg[97]' [I:/tt/inst_cache.v:42]
WARNING: [Synth 8-327] inferring latch for variable 'inst_valid_reg[96]' [I:/tt/inst_cache.v:42]
WARNING: [Synth 8-327] inferring latch for variable 'inst_valid_reg[95]' [I:/tt/inst_cache.v:42]
WARNING: [Synth 8-327] inferring latch for variable 'inst_valid_reg[94]' [I:/tt/inst_cache.v:42]
WARNING: [Synth 8-327] inferring latch for variable 'inst_valid_reg[93]' [I:/tt/inst_cache.v:42]
WARNING: [Synth 8-327] inferring latch for variable 'inst_valid_reg[92]' [I:/tt/inst_cache.v:42]
WARNING: [Synth 8-327] inferring latch for variable 'inst_valid_reg[91]' [I:/tt/inst_cache.v:42]
WARNING: [Synth 8-327] inferring latch for variable 'inst_valid_reg[90]' [I:/tt/inst_cache.v:42]
WARNING: [Synth 8-327] inferring latch for variable 'inst_valid_reg[89]' [I:/tt/inst_cache.v:42]
WARNING: [Synth 8-327] inferring latch for variable 'inst_valid_reg[88]' [I:/tt/inst_cache.v:42]
WARNING: [Synth 8-327] inferring latch for variable 'inst_valid_reg[87]' [I:/tt/inst_cache.v:42]
WARNING: [Synth 8-327] inferring latch for variable 'inst_valid_reg[86]' [I:/tt/inst_cache.v:42]
WARNING: [Synth 8-327] inferring latch for variable 'inst_valid_reg[85]' [I:/tt/inst_cache.v:42]
WARNING: [Synth 8-327] inferring latch for variable 'inst_valid_reg[84]' [I:/tt/inst_cache.v:42]
WARNING: [Synth 8-327] inferring latch for variable 'inst_valid_reg[83]' [I:/tt/inst_cache.v:42]
WARNING: [Synth 8-327] inferring latch for variable 'inst_valid_reg[82]' [I:/tt/inst_cache.v:42]
WARNING: [Synth 8-327] inferring latch for variable 'inst_valid_reg[81]' [I:/tt/inst_cache.v:42]
WARNING: [Synth 8-327] inferring latch for variable 'inst_valid_reg[80]' [I:/tt/inst_cache.v:42]
WARNING: [Synth 8-327] inferring latch for variable 'inst_valid_reg[79]' [I:/tt/inst_cache.v:42]
WARNING: [Synth 8-327] inferring latch for variable 'inst_valid_reg[78]' [I:/tt/inst_cache.v:42]
WARNING: [Synth 8-327] inferring latch for variable 'inst_valid_reg[77]' [I:/tt/inst_cache.v:42]
WARNING: [Synth 8-327] inferring latch for variable 'inst_valid_reg[76]' [I:/tt/inst_cache.v:42]
WARNING: [Synth 8-327] inferring latch for variable 'inst_valid_reg[75]' [I:/tt/inst_cache.v:42]
WARNING: [Synth 8-327] inferring latch for variable 'inst_valid_reg[74]' [I:/tt/inst_cache.v:42]
WARNING: [Synth 8-327] inferring latch for variable 'inst_valid_reg[73]' [I:/tt/inst_cache.v:42]
WARNING: [Synth 8-327] inferring latch for variable 'inst_valid_reg[72]' [I:/tt/inst_cache.v:42]
WARNING: [Synth 8-327] inferring latch for variable 'inst_valid_reg[71]' [I:/tt/inst_cache.v:42]
WARNING: [Synth 8-327] inferring latch for variable 'inst_valid_reg[70]' [I:/tt/inst_cache.v:42]
WARNING: [Synth 8-327] inferring latch for variable 'inst_valid_reg[69]' [I:/tt/inst_cache.v:42]
WARNING: [Synth 8-327] inferring latch for variable 'inst_valid_reg[68]' [I:/tt/inst_cache.v:42]
WARNING: [Synth 8-327] inferring latch for variable 'inst_valid_reg[67]' [I:/tt/inst_cache.v:42]
WARNING: [Synth 8-327] inferring latch for variable 'inst_valid_reg[66]' [I:/tt/inst_cache.v:42]
WARNING: [Synth 8-327] inferring latch for variable 'inst_valid_reg[65]' [I:/tt/inst_cache.v:42]
WARNING: [Synth 8-327] inferring latch for variable 'inst_valid_reg[64]' [I:/tt/inst_cache.v:42]
WARNING: [Synth 8-327] inferring latch for variable 'inst_valid_reg[63]' [I:/tt/inst_cache.v:42]
WARNING: [Synth 8-327] inferring latch for variable 'inst_valid_reg[62]' [I:/tt/inst_cache.v:42]
WARNING: [Synth 8-327] inferring latch for variable 'inst_valid_reg[61]' [I:/tt/inst_cache.v:42]
WARNING: [Synth 8-327] inferring latch for variable 'inst_valid_reg[60]' [I:/tt/inst_cache.v:42]
WARNING: [Synth 8-327] inferring latch for variable 'inst_valid_reg[59]' [I:/tt/inst_cache.v:42]
WARNING: [Synth 8-327] inferring latch for variable 'inst_valid_reg[58]' [I:/tt/inst_cache.v:42]
WARNING: [Synth 8-327] inferring latch for variable 'inst_valid_reg[57]' [I:/tt/inst_cache.v:42]
WARNING: [Synth 8-327] inferring latch for variable 'inst_valid_reg[56]' [I:/tt/inst_cache.v:42]
WARNING: [Synth 8-327] inferring latch for variable 'inst_valid_reg[55]' [I:/tt/inst_cache.v:42]
WARNING: [Synth 8-327] inferring latch for variable 'inst_valid_reg[54]' [I:/tt/inst_cache.v:42]
WARNING: [Synth 8-327] inferring latch for variable 'inst_valid_reg[53]' [I:/tt/inst_cache.v:42]
WARNING: [Synth 8-327] inferring latch for variable 'inst_valid_reg[52]' [I:/tt/inst_cache.v:42]
WARNING: [Synth 8-327] inferring latch for variable 'inst_valid_reg[51]' [I:/tt/inst_cache.v:42]
WARNING: [Synth 8-327] inferring latch for variable 'inst_valid_reg[50]' [I:/tt/inst_cache.v:42]
WARNING: [Synth 8-327] inferring latch for variable 'inst_valid_reg[49]' [I:/tt/inst_cache.v:42]
WARNING: [Synth 8-327] inferring latch for variable 'inst_valid_reg[48]' [I:/tt/inst_cache.v:42]
WARNING: [Synth 8-327] inferring latch for variable 'inst_valid_reg[47]' [I:/tt/inst_cache.v:42]
WARNING: [Synth 8-327] inferring latch for variable 'inst_valid_reg[46]' [I:/tt/inst_cache.v:42]
WARNING: [Synth 8-327] inferring latch for variable 'inst_valid_reg[45]' [I:/tt/inst_cache.v:42]
WARNING: [Synth 8-327] inferring latch for variable 'inst_valid_reg[44]' [I:/tt/inst_cache.v:42]
WARNING: [Synth 8-327] inferring latch for variable 'inst_valid_reg[43]' [I:/tt/inst_cache.v:42]
WARNING: [Synth 8-327] inferring latch for variable 'inst_valid_reg[42]' [I:/tt/inst_cache.v:42]
WARNING: [Synth 8-327] inferring latch for variable 'inst_valid_reg[41]' [I:/tt/inst_cache.v:42]
WARNING: [Synth 8-327] inferring latch for variable 'inst_valid_reg[40]' [I:/tt/inst_cache.v:42]
WARNING: [Synth 8-327] inferring latch for variable 'inst_valid_reg[39]' [I:/tt/inst_cache.v:42]
WARNING: [Synth 8-327] inferring latch for variable 'inst_valid_reg[38]' [I:/tt/inst_cache.v:42]
WARNING: [Synth 8-327] inferring latch for variable 'inst_valid_reg[37]' [I:/tt/inst_cache.v:42]
WARNING: [Synth 8-327] inferring latch for variable 'inst_valid_reg[36]' [I:/tt/inst_cache.v:42]
WARNING: [Synth 8-327] inferring latch for variable 'inst_valid_reg[35]' [I:/tt/inst_cache.v:42]
WARNING: [Synth 8-327] inferring latch for variable 'inst_valid_reg[34]' [I:/tt/inst_cache.v:42]
INFO: [Common 17-14] Message 'Synth 8-327' appears 100 times and further instances of the messages will be disabled. Use the Tcl command set_msg_config to change the current settings.
---------------------------------------------------------------------------------------------------
                   State |                     New Encoding |                Previous Encoding 
---------------------------------------------------------------------------------------------------
                  iSTATE |                              000 |                             0000
                 iSTATE5 |                              001 |                             0001
                 iSTATE1 |                              010 |                             0010
                 iSTATE2 |                              011 |                             0011
                 iSTATE3 |                              100 |                             0100
                 iSTATE4 |                              101 |                             0101
                 iSTATE6 |                              110 |                             0110
---------------------------------------------------------------------------------------------------
INFO: [Synth 8-3354] encoded FSM with state register 'state_reg' using encoding 'sequential' in module 'mem'
---------------------------------------------------------------------------------------------------
                   State |                     New Encoding |                Previous Encoding 
---------------------------------------------------------------------------------------------------
*
                  S_IDLE |                            00001 |                            00001
                 S_START |                            00010 |                            00010
                  S_DATA |                            00100 |                            00100
                S_PARITY |                            01000 |                            01000
                  S_STOP |                            10000 |                            10000
---------------------------------------------------------------------------------------------------
INFO: [Synth 8-3898] No Re-encoding of one hot register 'q_state_reg' in module 'uart_rx'
---------------------------------------------------------------------------------------------------
                   State |                     New Encoding |                Previous Encoding 
---------------------------------------------------------------------------------------------------
*
                  S_IDLE |                            00001 |                            00001
                 S_START |                            00010 |                            00010
                  S_DATA |                            00100 |                            00100
                S_PARITY |                            01000 |                            01000
                  S_STOP |                            10000 |                            10000
---------------------------------------------------------------------------------------------------
INFO: [Synth 8-3898] No Re-encoding of one hot register 'q_state_reg' in module 'uart_tx'
---------------------------------------------------------------------------------------------------
                   State |                     New Encoding |                Previous Encoding 
---------------------------------------------------------------------------------------------------
                S_DECODE |                             0000 |                            00001
            S_ECHO_STG_0 |                             0001 |                            00010
            S_ECHO_STG_1 |                             0010 |                            00011
           S_IO_IN_STG_0 |                             0011 |                            00100
           S_IO_IN_STG_1 |                             0100 |                            00101
        S_QUERY_ERR_CODE |                             0101 |                            01000
          S_MEM_RD_STG_0 |                             0110 |                            01001
          S_MEM_RD_STG_1 |                             0111 |                            01010
          S_MEM_WR_STG_0 |                             1000 |                            01011
          S_MEM_WR_STG_1 |                             1001 |                            01100
       S_CPU_REG_RD_STG0 |                             1010 |                            00110
       S_CPU_REG_RD_STG1 |                             1011 |                            00111
                  iSTATE |                             1100 |                            10000
              S_DISABLED |                             1101 |                            00000
---------------------------------------------------------------------------------------------------
INFO: [Synth 8-3354] encoded FSM with state register 'q_state_reg' using encoding 'sequential' in module 'hci'
---------------------------------------------------------------------------------
Finished RTL Optimization Phase 2 : Time (s): cpu = 00:00:24 ; elapsed = 00:00:26 . Memory (MB): peak = 824.973 ; gain = 562.969
---------------------------------------------------------------------------------

Report RTL Partitions: 
+-+--------------+------------+----------+
| |RTL Partition |Replication |Instances |
+-+--------------+------------+----------+
+-+--------------+------------+----------+
---------------------------------------------------------------------------------
Start RTL Component Statistics 
---------------------------------------------------------------------------------
Detailed RTL Component Info : 
+---Adders : 
	   2 Input     32 Bit       Adders := 10    
	   3 Input     32 Bit       Adders := 1     
	   2 Input     17 Bit       Adders := 2     
	   2 Input     16 Bit       Adders := 1     
	   2 Input     10 Bit       Adders := 6     
	   3 Input     10 Bit       Adders := 4     
	   2 Input      4 Bit       Adders := 2     
	   2 Input      3 Bit       Adders := 5     
	   3 Input      3 Bit       Adders := 2     
+---XORs : 
	   2 Input     32 Bit         XORs := 2     
+---XORs : 
	                8 Bit    Wide XORs := 2     
+---Registers : 
	               32 Bit    Registers := 17    
	               17 Bit    Registers := 3     
	               16 Bit    Registers := 1     
	               10 Bit    Registers := 4     
	                8 Bit    Registers := 6     
	                6 Bit    Registers := 2     
	                5 Bit    Registers := 3     
	                4 Bit    Registers := 4     
	                3 Bit    Registers := 4     
	                2 Bit    Registers := 1     
	                1 Bit    Registers := 27    
+---RAMs : 
	            1024K Bit         RAMs := 1     
	               8K Bit         RAMs := 2     
	             1024 Bit         RAMs := 1     
	               64 Bit         RAMs := 1     
+---Muxes : 
	   2 Input     32 Bit        Muxes := 40    
	  10 Input     32 Bit        Muxes := 5     
	   6 Input     32 Bit        Muxes := 1     
	  11 Input     32 Bit        Muxes := 1     
	   8 Input     32 Bit        Muxes := 1     
	   3 Input     32 Bit        Muxes := 3     
	   7 Input     32 Bit        Muxes := 2     
	   2 Input     18 Bit        Muxes := 1     
	   2 Input     17 Bit        Muxes := 10    
	   4 Input     17 Bit        Muxes := 2     
	   5 Input     17 Bit        Muxes := 1     
	  14 Input     17 Bit        Muxes := 4     
	   2 Input     16 Bit        Muxes := 5     
	   2 Input      8 Bit        Muxes := 16    
	   7 Input      8 Bit        Muxes := 1     
	   6 Input      8 Bit        Muxes := 1     
	   4 Input      8 Bit        Muxes := 1     
	  14 Input      8 Bit        Muxes := 2     
	   3 Input      8 Bit        Muxes := 1     
	   2 Input      6 Bit        Muxes := 6     
	   7 Input      6 Bit        Muxes := 1     
	   6 Input      6 Bit        Muxes := 1     
	   4 Input      6 Bit        Muxes := 1     
	   8 Input      6 Bit        Muxes := 2     
	  10 Input      6 Bit        Muxes := 2     
	   2 Input      5 Bit        Muxes := 5     
	  10 Input      5 Bit        Muxes := 4     
	   6 Input      5 Bit        Muxes := 2     
	   3 Input      4 Bit        Muxes := 1     
	   2 Input      4 Bit        Muxes := 8     
	   8 Input      4 Bit        Muxes := 1     
	  10 Input      4 Bit        Muxes := 2     
	   6 Input      4 Bit        Muxes := 2     
	  13 Input      4 Bit        Muxes := 1     
	  11 Input      4 Bit        Muxes := 1     
	  10 Input      3 Bit        Muxes := 5     
	   3 Input      3 Bit        Muxes := 3     
	   2 Input      3 Bit        Muxes := 3     
	  23 Input      3 Bit        Muxes := 1     
	   6 Input      3 Bit        Muxes := 2     
	  14 Input      3 Bit        Muxes := 1     
	   4 Input      2 Bit        Muxes := 1     
	   3 Input      2 Bit        Muxes := 2     
	   2 Input      2 Bit        Muxes := 1     
	   2 Input      1 Bit        Muxes := 252   
	  10 Input      1 Bit        Muxes := 21    
	   5 Input      1 Bit        Muxes := 3     
	  11 Input      1 Bit        Muxes := 4     
	  19 Input      1 Bit        Muxes := 1     
	   3 Input      1 Bit        Muxes := 12    
	   4 Input      1 Bit        Muxes := 5     
	   7 Input      1 Bit        Muxes := 11    
	   6 Input      1 Bit        Muxes := 13    
	  14 Input      1 Bit        Muxes := 7     
---------------------------------------------------------------------------------
Finished RTL Component Statistics 
---------------------------------------------------------------------------------
---------------------------------------------------------------------------------
Start RTL Hierarchical Component Statistics 
---------------------------------------------------------------------------------
Hierarchical RTL Component report 
Module riscv_top 
Detailed RTL Component Info : 
+---Registers : 
	                1 Bit    Registers := 2     
+---Muxes : 
	   2 Input     18 Bit        Muxes := 1     
	   2 Input      8 Bit        Muxes := 2     
	   2 Input      1 Bit        Muxes := 3     
Module single_port_ram_sync 
Detailed RTL Component Info : 
+---Registers : 
	               17 Bit    Registers := 1     
+---RAMs : 
	            1024K Bit         RAMs := 1     
Module ram 
Detailed RTL Component Info : 
+---Muxes : 
	   2 Input      8 Bit        Muxes := 1     
Module stall_controller 
Detailed RTL Component Info : 
+---Muxes : 
	   2 Input      5 Bit        Muxes := 2     
Module memctrl 
Detailed RTL Component Info : 
+---Muxes : 
	   2 Input     32 Bit        Muxes := 1     
	   2 Input      8 Bit        Muxes := 2     
	   2 Input      1 Bit        Muxes := 2     
Module pc_reg 
Detailed RTL Component Info : 
+---Adders : 
	   2 Input     32 Bit       Adders := 5     
+---Registers : 
	               32 Bit    Registers := 6     
	                4 Bit    Registers := 1     
	                3 Bit    Registers := 1     
	                1 Bit    Registers := 3     
+---Muxes : 
	   2 Input     32 Bit        Muxes := 9     
	  10 Input     32 Bit        Muxes := 1     
	   3 Input      4 Bit        Muxes := 1     
	   2 Input      4 Bit        Muxes := 1     
	   8 Input      4 Bit        Muxes := 1     
	  10 Input      3 Bit        Muxes := 3     
	   3 Input      3 Bit        Muxes := 3     
	   2 Input      3 Bit        Muxes := 3     
	   4 Input      2 Bit        Muxes := 1     
	   2 Input      1 Bit        Muxes := 17    
	  10 Input      1 Bit        Muxes := 12    
	   5 Input      1 Bit        Muxes := 1     
Module inst_cache 
Detailed RTL Component Info : 
+---Muxes : 
	   2 Input     32 Bit        Muxes := 2     
	   2 Input      1 Bit        Muxes := 128   
Module if_id 
Detailed RTL Component Info : 
+---Registers : 
	               32 Bit    Registers := 2     
+---Muxes : 
	   2 Input     32 Bit        Muxes := 2     
	   2 Input      1 Bit        Muxes := 1     
Module id 
Detailed RTL Component Info : 
+---Muxes : 
	  10 Input     32 Bit        Muxes := 1     
	   6 Input     32 Bit        Muxes := 1     
	   2 Input     32 Bit        Muxes := 2     
	   2 Input      6 Bit        Muxes := 5     
	   7 Input      6 Bit        Muxes := 1     
	   6 Input      6 Bit        Muxes := 1     
	   4 Input      6 Bit        Muxes := 1     
	   8 Input      6 Bit        Muxes := 2     
	  10 Input      6 Bit        Muxes := 1     
	  10 Input      5 Bit        Muxes := 3     
	   2 Input      5 Bit        Muxes := 2     
	  10 Input      4 Bit        Muxes := 1     
	  10 Input      3 Bit        Muxes := 1     
	  10 Input      1 Bit        Muxes := 4     
	   2 Input      1 Bit        Muxes := 2     
Module regfile 
Detailed RTL Component Info : 
+---RAMs : 
	             1024 Bit         RAMs := 1     
+---Muxes : 
	   2 Input     32 Bit        Muxes := 8     
Module id_ex 
Detailed RTL Component Info : 
+---Registers : 
	               32 Bit    Registers := 4     
	                6 Bit    Registers := 1     
	                5 Bit    Registers := 1     
	                4 Bit    Registers := 1     
	                1 Bit    Registers := 1     
+---Muxes : 
	   2 Input      1 Bit        Muxes := 3     
Module ex 
Detailed RTL Component Info : 
+---Adders : 
	   2 Input     32 Bit       Adders := 4     
	   3 Input     32 Bit       Adders := 1     
+---XORs : 
	   2 Input     32 Bit         XORs := 2     
+---Muxes : 
	   2 Input     32 Bit        Muxes := 1     
	  10 Input     32 Bit        Muxes := 3     
	  11 Input     32 Bit        Muxes := 1     
	   8 Input     32 Bit        Muxes := 1     
	   2 Input      6 Bit        Muxes := 1     
	  10 Input      6 Bit        Muxes := 1     
	  10 Input      5 Bit        Muxes := 1     
	  10 Input      4 Bit        Muxes := 1     
	  10 Input      3 Bit        Muxes := 1     
	  10 Input      1 Bit        Muxes := 5     
	   2 Input      1 Bit        Muxes := 2     
	  11 Input      1 Bit        Muxes := 1     
	  19 Input      1 Bit        Muxes := 1     
Module ex_mem 
Detailed RTL Component Info : 
+---Registers : 
	               32 Bit    Registers := 2     
	                6 Bit    Registers := 1     
	                5 Bit    Registers := 1     
	                1 Bit    Registers := 1     
+---Muxes : 
	   2 Input      1 Bit        Muxes := 2     
Module mem 
Detailed RTL Component Info : 
+---Adders : 
	   2 Input     32 Bit       Adders := 1     
+---Registers : 
	               32 Bit    Registers := 2     
	                8 Bit    Registers := 1     
	                1 Bit    Registers := 3     
+---Muxes : 
	   2 Input     32 Bit        Muxes := 15    
	   3 Input     32 Bit        Muxes := 3     
	   7 Input     32 Bit        Muxes := 2     
	   7 Input      8 Bit        Muxes := 1     
	   2 Input      5 Bit        Muxes := 1     
	  23 Input      3 Bit        Muxes := 1     
	   3 Input      2 Bit        Muxes := 2     
	   2 Input      1 Bit        Muxes := 64    
	   3 Input      1 Bit        Muxes := 10    
	   4 Input      1 Bit        Muxes := 5     
	   5 Input      1 Bit        Muxes := 2     
	   7 Input      1 Bit        Muxes := 11    
Module mem_wb 
Detailed RTL Component Info : 
+---Registers : 
	               32 Bit    Registers := 1     
	                5 Bit    Registers := 1     
	                1 Bit    Registers := 1     
+---Muxes : 
	   2 Input      1 Bit        Muxes := 2     
Module fifo 
Detailed RTL Component Info : 
+---Adders : 
	   2 Input     10 Bit       Adders := 3     
	   3 Input     10 Bit       Adders := 2     
+---Registers : 
	               10 Bit    Registers := 2     
	                1 Bit    Registers := 2     
+---RAMs : 
	               8K Bit         RAMs := 1     
Module uart_baud_clk 
Detailed RTL Component Info : 
+---Adders : 
	   2 Input     16 Bit       Adders := 1     
+---Registers : 
	               16 Bit    Registers := 1     
+---Muxes : 
	   2 Input     16 Bit        Muxes := 1     
	   2 Input      1 Bit        Muxes := 1     
Module uart_rx 
Detailed RTL Component Info : 
+---Adders : 
	   2 Input      4 Bit       Adders := 1     
	   2 Input      3 Bit       Adders := 1     
+---XORs : 
	                8 Bit    Wide XORs := 1     
+---Registers : 
	                8 Bit    Registers := 1     
	                4 Bit    Registers := 1     
	                3 Bit    Registers := 1     
	                1 Bit    Registers := 3     
+---Muxes : 
	   6 Input      5 Bit        Muxes := 1     
	   2 Input      4 Bit        Muxes := 2     
	   6 Input      4 Bit        Muxes := 1     
	   6 Input      3 Bit        Muxes := 1     
	   2 Input      1 Bit        Muxes := 5     
	   6 Input      1 Bit        Muxes := 6     
Module uart_tx 
Detailed RTL Component Info : 
+---Adders : 
	   2 Input      4 Bit       Adders := 1     
	   2 Input      3 Bit       Adders := 1     
+---XORs : 
	                8 Bit    Wide XORs := 1     
+---Registers : 
	                8 Bit    Registers := 1     
	                4 Bit    Registers := 1     
	                3 Bit    Registers := 1     
	                1 Bit    Registers := 3     
+---Muxes : 
	   6 Input      8 Bit        Muxes := 1     
	   6 Input      5 Bit        Muxes := 1     
	   2 Input      4 Bit        Muxes := 1     
	   6 Input      4 Bit        Muxes := 1     
	   6 Input      3 Bit        Muxes := 1     
	   2 Input      1 Bit        Muxes := 3     
	   6 Input      1 Bit        Muxes := 7     
Module fifo__parameterized0 
Detailed RTL Component Info : 
+---Adders : 
	   3 Input      3 Bit       Adders := 2     
	   2 Input      3 Bit       Adders := 2     
+---Registers : 
	                1 Bit    Registers := 2     
+---RAMs : 
	               64 Bit         RAMs := 1     
Module uart 
Detailed RTL Component Info : 
+---Registers : 
	                1 Bit    Registers := 1     
Module hci 
Detailed RTL Component Info : 
+---Adders : 
	   2 Input     17 Bit       Adders := 2     
	   2 Input      3 Bit       Adders := 1     
+---Registers : 
	               17 Bit    Registers := 2     
	                8 Bit    Registers := 3     
	                3 Bit    Registers := 1     
	                2 Bit    Registers := 1     
	                1 Bit    Registers := 3     
+---Muxes : 
	   2 Input     17 Bit        Muxes := 10    
	   4 Input     17 Bit        Muxes := 2     
	   5 Input     17 Bit        Muxes := 1     
	  14 Input     17 Bit        Muxes := 4     
	   2 Input     16 Bit        Muxes := 4     
	   2 Input      8 Bit        Muxes := 11    
	   4 Input      8 Bit        Muxes := 1     
	  14 Input      8 Bit        Muxes := 2     
	   3 Input      8 Bit        Muxes := 1     
	  13 Input      4 Bit        Muxes := 1     
	  11 Input      4 Bit        Muxes := 1     
	   2 Input      4 Bit        Muxes := 4     
	  14 Input      3 Bit        Muxes := 1     
	   2 Input      2 Bit        Muxes := 1     
	   2 Input      1 Bit        Muxes := 17    
	   3 Input      1 Bit        Muxes := 2     
	  11 Input      1 Bit        Muxes := 3     
	  14 Input      1 Bit        Muxes := 7     
---------------------------------------------------------------------------------
Finished RTL Hierarchical Component Statistics
---------------------------------------------------------------------------------
---------------------------------------------------------------------------------
Start Part Resource Summary
---------------------------------------------------------------------------------
Part Resources:
DSPs: 90 (col length:60)
BRAMs: 100 (col length: RAMB18 60 RAMB36 30)
---------------------------------------------------------------------------------
Finished Part Resource Summary
---------------------------------------------------------------------------------
---------------------------------------------------------------------------------
Start Cross Boundary and Area Optimization
---------------------------------------------------------------------------------
Warning: Parallel synthesis criteria is not met 
INFO: [Synth 8-5587] ROM size for "reg1_read_o" is below threshold of ROM address width. It will be mapped to LUTs
INFO: [Synth 8-5587] ROM size for "reg2_read_o" is below threshold of ROM address width. It will be mapped to LUTs
INFO: [Synth 8-5587] ROM size for "aluop_o" is below threshold of ROM address width. It will be mapped to LUTs
INFO: [Synth 8-5587] ROM size for "wreg_o" is below threshold of ROM address width. It will be mapped to LUTs
INFO: [Synth 8-5544] ROM "uart_rx_blk/d_state" won't be mapped to Block RAM because address size (3) smaller than threshold (5)
INFO: [Synth 8-5544] ROM "uart_tx_blk/d_state" won't be mapped to Block RAM because address size (3) smaller than threshold (5)
INFO: [Synth 8-5544] ROM "d_execute_cnt" won't be mapped to Block RAM because address size (3) smaller than threshold (5)
INFO: [Synth 8-5544] ROM "d_execute_cnt" won't be mapped to Block RAM because address size (3) smaller than threshold (5)
INFO: [Synth 8-5544] ROM "d_state" won't be mapped to Block RAM because address size (3) smaller than threshold (5)
WARNING: [Synth 8-3331] design ex has unconnected port wreg_i
WARNING: [Synth 8-3331] design if_id has unconnected port stall[5]
WARNING: [Synth 8-3331] design if_id has unconnected port stall[4]
WARNING: [Synth 8-3331] design if_id has unconnected port stall[3]
WARNING: [Synth 8-3331] design if_id has unconnected port stall[2]
WARNING: [Synth 8-3331] design inst_cache has unconnected port clk
WARNING: [Synth 8-3331] design inst_cache has unconnected port query_addr[31]
WARNING: [Synth 8-3331] design inst_cache has unconnected port query_addr[30]
WARNING: [Synth 8-3331] design inst_cache has unconnected port query_addr[29]
WARNING: [Synth 8-3331] design inst_cache has unconnected port query_addr[28]
WARNING: [Synth 8-3331] design inst_cache has unconnected port query_addr[27]
WARNING: [Synth 8-3331] design inst_cache has unconnected port query_addr[26]
WARNING: [Synth 8-3331] design inst_cache has unconnected port query_addr[25]
INFO: [Common 17-14] Message 'Synth 8-3331' appears 100 times and further instances of the messages will be disabled. Use the Tcl command set_msg_config to change the current settings.
RAM Pipeline Warning: Read Address Register Found For RAM ram0/ram_bram/ram_reg. We will not be able to pipeline it. This may degrade performance. 
RAM Pipeline Warning: Read Address Register Found For RAM ram0/ram_bram/ram_reg. We will not be able to pipeline it. This may degrade performance. 
RAM Pipeline Warning: Read Address Register Found For RAM ram0/ram_bram/ram_reg. We will not be able to pipeline it. This may degrade performance. 
INFO: [Synth 8-3886] merging instance 'i_0/ram0/ram_bram/ram_reg_mux_sel__6' (FD) to 'i_0/ram0/ram_bram/ram_reg_mux_sel__5'
INFO: [Synth 8-3886] merging instance 'i_0/ram0/ram_bram/ram_reg_mux_sel__5' (FD) to 'i_0/ram0/ram_bram/ram_reg_mux_sel__4'
INFO: [Synth 8-3886] merging instance 'i_0/ram0/ram_bram/ram_reg_mux_sel__4' (FD) to 'i_0/ram0/ram_bram/ram_reg_mux_sel__3'
INFO: [Synth 8-3886] merging instance 'i_0/ram0/ram_bram/ram_reg_mux_sel__3' (FD) to 'i_0/ram0/ram_bram/ram_reg_mux_sel__2'
INFO: [Synth 8-3886] merging instance 'i_0/ram0/ram_bram/ram_reg_mux_sel__2' (FD) to 'i_0/ram0/ram_bram/ram_reg_mux_sel__1'
INFO: [Synth 8-3886] merging instance 'i_0/ram0/ram_bram/ram_reg_mux_sel__1' (FD) to 'i_0/ram0/ram_bram/ram_reg_mux_sel__0'
INFO: [Synth 8-3886] merging instance 'i_0/ram0/ram_bram/ram_reg_mux_sel__0' (FD) to 'i_0/ram0/ram_bram/ram_reg_mux_sel'
WARNING: [Synth 8-3332] Sequential element (output_data_reg[7]) is unused and will be removed from module memctrl.
WARNING: [Synth 8-3332] Sequential element (output_data_reg[6]) is unused and will be removed from module memctrl.
WARNING: [Synth 8-3332] Sequential element (output_data_reg[5]) is unused and will be removed from module memctrl.
WARNING: [Synth 8-3332] Sequential element (output_data_reg[4]) is unused and will be removed from module memctrl.
WARNING: [Synth 8-3332] Sequential element (output_data_reg[3]) is unused and will be removed from module memctrl.
WARNING: [Synth 8-3332] Sequential element (output_data_reg[2]) is unused and will be removed from module memctrl.
WARNING: [Synth 8-3332] Sequential element (output_data_reg[1]) is unused and will be removed from module memctrl.
WARNING: [Synth 8-3332] Sequential element (output_data_reg[0]) is unused and will be removed from module memctrl.
WARNING: [Synth 8-3332] Sequential element (mmem_addr_reg[31]) is unused and will be removed from module memctrl.
WARNING: [Synth 8-3332] Sequential element (mmem_addr_reg[30]) is unused and will be removed from module memctrl.
WARNING: [Synth 8-3332] Sequential element (mmem_addr_reg[29]) is unused and will be removed from module memctrl.
WARNING: [Synth 8-3332] Sequential element (mmem_addr_reg[28]) is unused and will be removed from module memctrl.
WARNING: [Synth 8-3332] Sequential element (mmem_addr_reg[27]) is unused and will be removed from module memctrl.
WARNING: [Synth 8-3332] Sequential element (mmem_addr_reg[26]) is unused and will be removed from module memctrl.
WARNING: [Synth 8-3332] Sequential element (mmem_addr_reg[25]) is unused and will be removed from module memctrl.
WARNING: [Synth 8-3332] Sequential element (mmem_addr_reg[24]) is unused and will be removed from module memctrl.
WARNING: [Synth 8-3332] Sequential element (mmem_addr_reg[23]) is unused and will be removed from module memctrl.
WARNING: [Synth 8-3332] Sequential element (mmem_addr_reg[22]) is unused and will be removed from module memctrl.
WARNING: [Synth 8-3332] Sequential element (mmem_addr_reg[21]) is unused and will be removed from module memctrl.
WARNING: [Synth 8-3332] Sequential element (mmem_addr_reg[20]) is unused and will be removed from module memctrl.
WARNING: [Synth 8-3332] Sequential element (mmem_addr_reg[19]) is unused and will be removed from module memctrl.
WARNING: [Synth 8-3332] Sequential element (mmem_addr_reg[18]) is unused and will be removed from module memctrl.
WARNING: [Synth 8-3332] Sequential element (wreg_o_reg) is unused and will be removed from module id.
---------------------------------------------------------------------------------
Finished Cross Boundary and Area Optimization : Time (s): cpu = 00:00:47 ; elapsed = 00:00:50 . Memory (MB): peak = 824.973 ; gain = 562.969
---------------------------------------------------------------------------------
---------------------------------------------------------------------------------
Start ROM, RAM, DSP and Shift Register Reporting
---------------------------------------------------------------------------------

Block RAM: Preliminary Mapping  Report (see note below)
+----------------------+------------+------------------------+---+---+------------------------+---+---+------------------+--------+--------+
|Module Name           | RTL Object | PORT A (Depth x Width) | W | R | PORT B (Depth x Width) | W | R | Ports driving FF | RAMB18 | RAMB36 | 
+----------------------+------------+------------------------+---+---+------------------------+---+---+------------------+--------+--------+
|single_port_ram_sync: | ram_reg    | 128 K x 8(WRITE_FIRST) | W | R |                        |   |   | Port A           | 0      | 32     | 
+----------------------+------------+------------------------+---+---+------------------------+---+---+------------------+--------+--------+

Note: The table above is a preliminary report that shows the Block RAMs at the current stage of the synthesis flow. Some Block RAMs may be reimplemented as non Block RAM primitives later in the synthesis flow. Multiple instantiated Block RAMs are reported only once. 

Distributed RAM: Preliminary Mapping  Report (see note below)
+--------------+---------------------------------------------+-----------+----------------------+------------------------------+
|Module Name   | RTL Object                                  | Inference | Size (Depth x Width) | Primitives                   | 
+--------------+---------------------------------------------+-----------+----------------------+------------------------------+
|cpu0/regfile1 | regs_reg                                    | Implied   | 32 x 32              | RAM32M x 12                  | 
|riscv_top     | hci0/io_in_fifo/q_data_array_reg            | Implied   | 1 K x 8              | RAM64X1D x 32  RAM64M x 32   | 
|riscv_top     | hci0/uart_blk/uart_tx_fifo/q_data_array_reg | Implied   | 1 K x 8              | RAM64X1D x 32  RAM64M x 32   | 
|riscv_top     | hci0/uart_blk/uart_rx_fifo/q_data_array_reg | Implied   | 8 x 8                | RAM32M x 2                   | 
+--------------+---------------------------------------------+-----------+----------------------+------------------------------+

Note: The table above is a preliminary report that shows the Distributed RAMs at the current stage of the synthesis flow. Some Distributed RAMs may be reimplemented as non Distributed RAM primitives later in the synthesis flow. Multiple instantiated RAMs are reported only once.
---------------------------------------------------------------------------------
Finished ROM, RAM, DSP and Shift Register Reporting
---------------------------------------------------------------------------------
INFO: [Synth 8-6837] The timing for the instance i_0/ram0/ram_bram/ram_reg_1_0 (implemented as a Block RAM) might be sub-optimal as no optional output register could be merged into the block ram. Providing additional output register may help in improving timing.
INFO: [Synth 8-6837] The timing for the instance i_0/ram0/ram_bram/ram_reg_1_1 (implemented as a Block RAM) might be sub-optimal as no optional output register could be merged into the block ram. Providing additional output register may help in improving timing.
INFO: [Synth 8-6837] The timing for the instance i_0/ram0/ram_bram/ram_reg_1_2 (implemented as a Block RAM) might be sub-optimal as no optional output register could be merged into the block ram. Providing additional output register may help in improving timing.
INFO: [Synth 8-6837] The timing for the instance i_0/ram0/ram_bram/ram_reg_1_3 (implemented as a Block RAM) might be sub-optimal as no optional output register could be merged into the block ram. Providing additional output register may help in improving timing.
INFO: [Synth 8-6837] The timing for the instance i_0/ram0/ram_bram/ram_reg_1_4 (implemented as a Block RAM) might be sub-optimal as no optional output register could be merged into the block ram. Providing additional output register may help in improving timing.
INFO: [Synth 8-6837] The timing for the instance i_0/ram0/ram_bram/ram_reg_1_5 (implemented as a Block RAM) might be sub-optimal as no optional output register could be merged into the block ram. Providing additional output register may help in improving timing.
INFO: [Synth 8-6837] The timing for the instance i_0/ram0/ram_bram/ram_reg_1_6 (implemented as a Block RAM) might be sub-optimal as no optional output register could be merged into the block ram. Providing additional output register may help in improving timing.
INFO: [Synth 8-6837] The timing for the instance i_0/ram0/ram_bram/ram_reg_1_7 (implemented as a Block RAM) might be sub-optimal as no optional output register could be merged into the block ram. Providing additional output register may help in improving timing.
INFO: [Synth 8-6837] The timing for the instance i_0/ram0/ram_bram/ram_reg_3_0 (implemented as a Block RAM) might be sub-optimal as no optional output register could be merged into the block ram. Providing additional output register may help in improving timing.
INFO: [Synth 8-6837] The timing for the instance i_0/ram0/ram_bram/ram_reg_3_1 (implemented as a Block RAM) might be sub-optimal as no optional output register could be merged into the block ram. Providing additional output register may help in improving timing.
INFO: [Synth 8-6837] The timing for the instance i_0/ram0/ram_bram/ram_reg_3_2 (implemented as a Block RAM) might be sub-optimal as no optional output register could be merged into the block ram. Providing additional output register may help in improving timing.
INFO: [Synth 8-6837] The timing for the instance i_0/ram0/ram_bram/ram_reg_3_3 (implemented as a Block RAM) might be sub-optimal as no optional output register could be merged into the block ram. Providing additional output register may help in improving timing.
INFO: [Synth 8-6837] The timing for the instance i_0/ram0/ram_bram/ram_reg_3_4 (implemented as a Block RAM) might be sub-optimal as no optional output register could be merged into the block ram. Providing additional output register may help in improving timing.
INFO: [Synth 8-6837] The timing for the instance i_0/ram0/ram_bram/ram_reg_3_5 (implemented as a Block RAM) might be sub-optimal as no optional output register could be merged into the block ram. Providing additional output register may help in improving timing.
INFO: [Synth 8-6837] The timing for the instance i_0/ram0/ram_bram/ram_reg_3_6 (implemented as a Block RAM) might be sub-optimal as no optional output register could be merged into the block ram. Providing additional output register may help in improving timing.
INFO: [Synth 8-6837] The timing for the instance i_0/ram0/ram_bram/ram_reg_3_7 (implemented as a Block RAM) might be sub-optimal as no optional output register could be merged into the block ram. Providing additional output register may help in improving timing.

Report RTL Partitions: 
+-+--------------+------------+----------+
| |RTL Partition |Replication |Instances |
+-+--------------+------------+----------+
+-+--------------+------------+----------+
---------------------------------------------------------------------------------
Start Applying XDC Timing Constraints
---------------------------------------------------------------------------------
---------------------------------------------------------------------------------
Finished Applying XDC Timing Constraints : Time (s): cpu = 00:00:54 ; elapsed = 00:00:57 . Memory (MB): peak = 824.973 ; gain = 562.969
---------------------------------------------------------------------------------
---------------------------------------------------------------------------------
Start Timing Optimization
---------------------------------------------------------------------------------
---------------------------------------------------------------------------------
Finished Timing Optimization : Time (s): cpu = 00:01:04 ; elapsed = 00:01:07 . Memory (MB): peak = 960.285 ; gain = 698.281
---------------------------------------------------------------------------------
---------------------------------------------------------------------------------
Start ROM, RAM, DSP and Shift Register Reporting
---------------------------------------------------------------------------------

Block RAM: Final Mapping  Report
+----------------------+------------+------------------------+---+---+------------------------+---+---+------------------+--------+--------+
|Module Name           | RTL Object | PORT A (Depth x Width) | W | R | PORT B (Depth x Width) | W | R | Ports driving FF | RAMB18 | RAMB36 | 
+----------------------+------------+------------------------+---+---+------------------------+---+---+------------------+--------+--------+
|single_port_ram_sync: | ram_reg    | 128 K x 8(WRITE_FIRST) | W | R |                        |   |   | Port A           | 0      | 32     | 
+----------------------+------------+------------------------+---+---+------------------------+---+---+------------------+--------+--------+


Distributed RAM: Final Mapping  Report
+--------------+---------------------------------------------+-----------+----------------------+------------------------------+
|Module Name   | RTL Object                                  | Inference | Size (Depth x Width) | Primitives                   | 
+--------------+---------------------------------------------+-----------+----------------------+------------------------------+
|cpu0/regfile1 | regs_reg                                    | Implied   | 32 x 32              | RAM32M x 12                  | 
|riscv_top     | hci0/io_in_fifo/q_data_array_reg            | Implied   | 1 K x 8              | RAM64X1D x 32  RAM64M x 32   | 
|riscv_top     | hci0/uart_blk/uart_tx_fifo/q_data_array_reg | Implied   | 1 K x 8              | RAM64X1D x 32  RAM64M x 32   | 
|riscv_top     | hci0/uart_blk/uart_rx_fifo/q_data_array_reg | Implied   | 8 x 8                | RAM32M x 2                   | 
+--------------+---------------------------------------------+-----------+----------------------+------------------------------+

---------------------------------------------------------------------------------
Finished ROM, RAM, DSP and Shift Register Reporting
---------------------------------------------------------------------------------

Report RTL Partitions: 
+-+--------------+------------+----------+
| |RTL Partition |Replication |Instances |
+-+--------------+------------+----------+
+-+--------------+------------+----------+
---------------------------------------------------------------------------------
Start Technology Mapping
---------------------------------------------------------------------------------
INFO: [Synth 8-3886] merging instance 'hci0/io_in_fifo/q_rd_ptr_reg_rep[5]' (FDRE) to 'hci0/io_in_fifo/q_rd_ptr_reg[5]'
INFO: [Synth 8-3886] merging instance 'hci0/io_in_fifo/q_rd_ptr_reg_rep[4]' (FDRE) to 'hci0/io_in_fifo/q_rd_ptr_reg[4]'
INFO: [Synth 8-3886] merging instance 'hci0/io_in_fifo/q_rd_ptr_reg_rep[3]' (FDRE) to 'hci0/io_in_fifo/q_rd_ptr_reg[3]'
INFO: [Synth 8-3886] merging instance 'hci0/io_in_fifo/q_rd_ptr_reg_rep[2]' (FDRE) to 'hci0/io_in_fifo/q_rd_ptr_reg[2]'
INFO: [Synth 8-3886] merging instance 'hci0/io_in_fifo/q_rd_ptr_reg_rep[1]' (FDRE) to 'hci0/io_in_fifo/q_rd_ptr_reg[1]'
INFO: [Synth 8-3886] merging instance 'hci0/io_in_fifo/q_rd_ptr_reg_rep[0]' (FDRE) to 'hci0/io_in_fifo/q_rd_ptr_reg[0]'
INFO: [Synth 8-3886] merging instance 'hci0/io_in_fifo/q_rd_ptr_reg_rep[6]' (FDRE) to 'hci0/io_in_fifo/q_rd_ptr_reg[6]'
INFO: [Synth 8-3886] merging instance 'hci0/io_in_fifo/q_rd_ptr_reg_rep[7]' (FDRE) to 'hci0/io_in_fifo/q_rd_ptr_reg[7]'
INFO: [Synth 8-3886] merging instance 'hci0/io_in_fifo/q_rd_ptr_reg_rep[8]' (FDRE) to 'hci0/io_in_fifo/q_rd_ptr_reg[8]'
INFO: [Synth 8-3886] merging instance 'hci0/io_in_fifo/q_rd_ptr_reg_rep[9]' (FDRE) to 'hci0/io_in_fifo/q_rd_ptr_reg[9]'
INFO: [Synth 8-3886] merging instance 'hci0/uart_blk/uart_tx_fifo/q_rd_ptr_reg_rep[0]' (FDRE) to 'hci0/uart_blk/uart_tx_fifo/q_rd_ptr_reg[0]'
INFO: [Synth 8-3886] merging instance 'hci0/uart_blk/uart_tx_fifo/q_rd_ptr_reg_rep[1]' (FDRE) to 'hci0/uart_blk/uart_tx_fifo/q_rd_ptr_reg[1]'
INFO: [Synth 8-3886] merging instance 'hci0/uart_blk/uart_tx_fifo/q_rd_ptr_reg_rep[2]' (FDRE) to 'hci0/uart_blk/uart_tx_fifo/q_rd_ptr_reg[2]'
INFO: [Synth 8-3886] merging instance 'hci0/uart_blk/uart_tx_fifo/q_rd_ptr_reg_rep[3]' (FDRE) to 'hci0/uart_blk/uart_tx_fifo/q_rd_ptr_reg[3]'
INFO: [Synth 8-3886] merging instance 'hci0/uart_blk/uart_tx_fifo/q_rd_ptr_reg_rep[4]' (FDRE) to 'hci0/uart_blk/uart_tx_fifo/q_rd_ptr_reg[4]'
INFO: [Synth 8-3886] merging instance 'hci0/uart_blk/uart_tx_fifo/q_rd_ptr_reg_rep[5]' (FDRE) to 'hci0/uart_blk/uart_tx_fifo/q_rd_ptr_reg[5]'
INFO: [Synth 8-3886] merging instance 'hci0/uart_blk/uart_tx_fifo/q_rd_ptr_reg_rep[7]' (FDRE) to 'hci0/uart_blk/uart_tx_fifo/q_rd_ptr_reg[7]'
INFO: [Synth 8-3886] merging instance 'hci0/uart_blk/uart_tx_fifo/q_rd_ptr_reg_rep[8]' (FDRE) to 'hci0/uart_blk/uart_tx_fifo/q_rd_ptr_reg[8]'
INFO: [Synth 8-3886] merging instance 'hci0/uart_blk/uart_tx_fifo/q_rd_ptr_reg_rep[6]' (FDRE) to 'hci0/uart_blk/uart_tx_fifo/q_rd_ptr_reg[6]'
INFO: [Synth 8-3886] merging instance 'hci0/uart_blk/uart_tx_fifo/q_rd_ptr_reg_rep[9]' (FDRE) to 'hci0/uart_blk/uart_tx_fifo/q_rd_ptr_reg[9]'
INFO: [Synth 8-6837] The timing for the instance ram0/ram_bram/ram_reg_1_0 (implemented as a Block RAM) might be sub-optimal as no optional output register could be merged into the block ram. Providing additional output register may help in improving timing.
INFO: [Synth 8-6837] The timing for the instance ram0/ram_bram/ram_reg_1_1 (implemented as a Block RAM) might be sub-optimal as no optional output register could be merged into the block ram. Providing additional output register may help in improving timing.
INFO: [Synth 8-6837] The timing for the instance ram0/ram_bram/ram_reg_1_2 (implemented as a Block RAM) might be sub-optimal as no optional output register could be merged into the block ram. Providing additional output register may help in improving timing.
INFO: [Synth 8-6837] The timing for the instance ram0/ram_bram/ram_reg_1_3 (implemented as a Block RAM) might be sub-optimal as no optional output register could be merged into the block ram. Providing additional output register may help in improving timing.
INFO: [Synth 8-6837] The timing for the instance ram0/ram_bram/ram_reg_1_4 (implemented as a Block RAM) might be sub-optimal as no optional output register could be merged into the block ram. Providing additional output register may help in improving timing.
INFO: [Synth 8-6837] The timing for the instance ram0/ram_bram/ram_reg_1_5 (implemented as a Block RAM) might be sub-optimal as no optional output register could be merged into the block ram. Providing additional output register may help in improving timing.
INFO: [Synth 8-6837] The timing for the instance ram0/ram_bram/ram_reg_1_6 (implemented as a Block RAM) might be sub-optimal as no optional output register could be merged into the block ram. Providing additional output register may help in improving timing.
INFO: [Synth 8-6837] The timing for the instance ram0/ram_bram/ram_reg_1_7 (implemented as a Block RAM) might be sub-optimal as no optional output register could be merged into the block ram. Providing additional output register may help in improving timing.
INFO: [Synth 8-6837] The timing for the instance ram0/ram_bram/ram_reg_3_0 (implemented as a Block RAM) might be sub-optimal as no optional output register could be merged into the block ram. Providing additional output register may help in improving timing.
INFO: [Synth 8-6837] The timing for the instance ram0/ram_bram/ram_reg_3_1 (implemented as a Block RAM) might be sub-optimal as no optional output register could be merged into the block ram. Providing additional output register may help in improving timing.
INFO: [Synth 8-6837] The timing for the instance ram0/ram_bram/ram_reg_3_2 (implemented as a Block RAM) might be sub-optimal as no optional output register could be merged into the block ram. Providing additional output register may help in improving timing.
INFO: [Synth 8-6837] The timing for the instance ram0/ram_bram/ram_reg_3_3 (implemented as a Block RAM) might be sub-optimal as no optional output register could be merged into the block ram. Providing additional output register may help in improving timing.
INFO: [Synth 8-6837] The timing for the instance ram0/ram_bram/ram_reg_3_4 (implemented as a Block RAM) might be sub-optimal as no optional output register could be merged into the block ram. Providing additional output register may help in improving timing.
INFO: [Synth 8-6837] The timing for the instance ram0/ram_bram/ram_reg_3_5 (implemented as a Block RAM) might be sub-optimal as no optional output register could be merged into the block ram. Providing additional output register may help in improving timing.
INFO: [Synth 8-6837] The timing for the instance ram0/ram_bram/ram_reg_3_6 (implemented as a Block RAM) might be sub-optimal as no optional output register could be merged into the block ram. Providing additional output register may help in improving timing.
INFO: [Synth 8-6837] The timing for the instance ram0/ram_bram/ram_reg_3_7 (implemented as a Block RAM) might be sub-optimal as no optional output register could be merged into the block ram. Providing additional output register may help in improving timing.
---------------------------------------------------------------------------------
Finished Technology Mapping : Time (s): cpu = 00:01:09 ; elapsed = 00:01:12 . Memory (MB): peak = 963.180 ; gain = 701.176
---------------------------------------------------------------------------------

Report RTL Partitions: 
+-+--------------+------------+----------+
| |RTL Partition |Replication |Instances |
+-+--------------+------------+----------+
+-+--------------+------------+----------+
---------------------------------------------------------------------------------
Start IO Insertion
---------------------------------------------------------------------------------
---------------------------------------------------------------------------------
Start Flattening Before IO Insertion
---------------------------------------------------------------------------------
---------------------------------------------------------------------------------
Finished Flattening Before IO Insertion
---------------------------------------------------------------------------------
---------------------------------------------------------------------------------
Start Final Netlist Cleanup
---------------------------------------------------------------------------------
INFO: [Synth 8-6064] Net n_0_8 is driving 64 big block pins (URAM, BRAM and DSP loads). Created 7 replicas of its driver. 
INFO: [Synth 8-6064] Net n_0_5434 is driving 64 big block pins (URAM, BRAM and DSP loads). Created 7 replicas of its driver. 
---------------------------------------------------------------------------------
Finished Final Netlist Cleanup
---------------------------------------------------------------------------------
---------------------------------------------------------------------------------
Finished IO Insertion : Time (s): cpu = 00:01:10 ; elapsed = 00:01:13 . Memory (MB): peak = 963.180 ; gain = 701.176
---------------------------------------------------------------------------------

Report Check Netlist: 
+------+------------------+-------+---------+-------+------------------+
|      |Item              |Errors |Warnings |Status |Description       |
+------+------------------+-------+---------+-------+------------------+
|1     |multi_driven_nets |      0|        0|Passed |Multi driven nets |
+------+------------------+-------+---------+-------+------------------+
---------------------------------------------------------------------------------
Start Renaming Generated Instances
---------------------------------------------------------------------------------
---------------------------------------------------------------------------------
Finished Renaming Generated Instances : Time (s): cpu = 00:01:10 ; elapsed = 00:01:13 . Memory (MB): peak = 963.180 ; gain = 701.176
---------------------------------------------------------------------------------

Report RTL Partitions: 
+-+--------------+------------+----------+
| |RTL Partition |Replication |Instances |
+-+--------------+------------+----------+
+-+--------------+------------+----------+
---------------------------------------------------------------------------------
Start Rebuilding User Hierarchy
---------------------------------------------------------------------------------
---------------------------------------------------------------------------------
Finished Rebuilding User Hierarchy : Time (s): cpu = 00:01:11 ; elapsed = 00:01:14 . Memory (MB): peak = 963.180 ; gain = 701.176
---------------------------------------------------------------------------------
---------------------------------------------------------------------------------
Start Renaming Generated Ports
---------------------------------------------------------------------------------
---------------------------------------------------------------------------------
Finished Renaming Generated Ports : Time (s): cpu = 00:01:11 ; elapsed = 00:01:14 . Memory (MB): peak = 963.180 ; gain = 701.176
---------------------------------------------------------------------------------
---------------------------------------------------------------------------------
Start Handling Custom Attributes
---------------------------------------------------------------------------------
---------------------------------------------------------------------------------
Finished Handling Custom Attributes : Time (s): cpu = 00:01:11 ; elapsed = 00:01:14 . Memory (MB): peak = 963.180 ; gain = 701.176
---------------------------------------------------------------------------------
---------------------------------------------------------------------------------
Start Renaming Generated Nets
---------------------------------------------------------------------------------
---------------------------------------------------------------------------------
Finished Renaming Generated Nets : Time (s): cpu = 00:01:11 ; elapsed = 00:01:14 . Memory (MB): peak = 963.180 ; gain = 701.176
---------------------------------------------------------------------------------
---------------------------------------------------------------------------------
Start Writing Synthesis Report
---------------------------------------------------------------------------------

Report BlackBoxes: 
+-+--------------+----------+
| |BlackBox name |Instances |
+-+--------------+----------+
+-+--------------+----------+

Report Cell Usage: 
+------+-----------+------+
|      |Cell       |Count |
+------+-----------+------+
|1     |BUFG       |    12|
|2     |CARRY4     |   148|
|3     |LUT1       |    30|
|4     |LUT2       |   302|
|5     |LUT3       |   198|
|6     |LUT4       |   431|
|7     |LUT5       |   631|
|8     |LUT6       |  2685|
|9     |MUXF7      |   764|
|10    |MUXF8      |   360|
|11    |RAM32M     |    14|
|12    |RAM64M     |    64|
|13    |RAM64X1D   |    64|
|14    |RAMB36E1   |    16|
|15    |RAMB36E1_1 |    16|
|16    |FDCE       |    59|
|17    |FDPE       |     6|
|18    |FDRE       |   708|
|19    |FDSE       |    32|
|20    |LD         |  5568|
|21    |LDC        |   124|
|22    |LDCP       |     1|
|23    |LDP        |     8|
|24    |IBUF       |     3|
|25    |OBUF       |     2|
+------+-----------+------+

Report Instance Areas: 
+------+------------------------+---------------------+------+
|      |Instance                |Module               |Cells |
+------+------------------------+---------------------+------+
|1     |top                     |                     | 12246|
|2     |  cpu0                  |cpu                  | 11179|
|3     |    ex0                 |ex                   |   116|
|4     |    ex_mem0             |ex_mem               |   240|
|5     |    id0                 |id                   |   227|
|6     |    id_ex0              |id_ex                |  1462|
|7     |    if_id0              |if_id                |   192|
|8     |    instcache0          |inst_cache           |  8053|
|9     |    mem0                |mem                  |   120|
|10    |    mem_wb0             |mem_wb               |    40|
|11    |    memctrl0            |memctrl              |    53|
|12    |    pc_reg0             |pc_reg               |   664|
|13    |    regfile1            |regfile              |    12|
|14    |  hci0                  |hci                  |   991|
|15    |    io_in_fifo          |fifo                 |   232|
|16    |    uart_blk            |uart                 |   546|
|17    |      uart_baud_clk_blk |uart_baud_clk        |    40|
|18    |      uart_rx_blk       |uart_rx              |    55|
|19    |      uart_rx_fifo      |fifo__parameterized0 |   165|
|20    |      uart_tx_blk       |uart_tx              |    56|
|21    |      uart_tx_fifo      |fifo_0               |   228|
|22    |  ram0                  |ram                  |    57|
|23    |    ram_bram            |single_port_ram_sync |    57|
+------+------------------------+---------------------+------+
---------------------------------------------------------------------------------
Finished Writing Synthesis Report : Time (s): cpu = 00:01:11 ; elapsed = 00:01:14 . Memory (MB): peak = 963.180 ; gain = 701.176
---------------------------------------------------------------------------------
Synthesis finished with 0 errors, 0 critical warnings and 502 warnings.
Synthesis Optimization Runtime : Time (s): cpu = 00:00:53 ; elapsed = 00:01:08 . Memory (MB): peak = 963.180 ; gain = 366.137
Synthesis Optimization Complete : Time (s): cpu = 00:01:11 ; elapsed = 00:01:15 . Memory (MB): peak = 963.180 ; gain = 701.176
INFO: [Project 1-571] Translating synthesized netlist
INFO: [Netlist 29-17] Analyzing 7147 Unisim elements for replacement
INFO: [Netlist 29-28] Unisim Transformation completed in 1 CPU seconds
INFO: [Project 1-570] Preparing netlist for logic optimization
INFO: [Opt 31-138] Pushed 1 inverter(s) to 8 load pin(s).
Netlist sorting complete. Time (s): cpu = 00:00:00 ; elapsed = 00:00:00.002 . Memory (MB): peak = 963.180 ; gain = 0.000
INFO: [Project 1-111] Unisim Transformation Summary:
  A total of 5843 instances were transformed.
  LD => LDCE: 5568 instances
  LDC => LDCE: 116 instances
  LDC => LDCE (inverted pins: G): 8 instances
  LDCP => LDCP (GND, LUT3, LUT3, LDCE, VCC): 1 instances
  LDP => LDPE: 8 instances
  RAM32M => RAM32M (RAMD32, RAMD32, RAMD32, RAMD32, RAMD32, RAMD32, RAMS32, RAMS32): 14 instances
  RAM64M => RAM64M (RAMD64E, RAMD64E, RAMD64E, RAMD64E): 64 instances
  RAM64X1D => RAM64X1D (RAMD64E, RAMD64E): 64 instances

INFO: [Common 17-83] Releasing license: Synthesis
284 Infos, 227 Warnings, 0 Critical Warnings and 0 Errors encountered.
synth_design completed successfully
synth_design: Time (s): cpu = 00:01:16 ; elapsed = 00:01:19 . Memory (MB): peak = 963.180 ; gain = 709.832
Netlist sorting complete. Time (s): cpu = 00:00:00 ; elapsed = 00:00:00.003 . Memory (MB): peak = 963.180 ; gain = 0.000
WARNING: [Constraints 18-5210] No constraints selected for write.
Resolution: This message can indicate that there are no constraints for the design, or it can indicate that the used_in flags are set such that the constraints are ignored. This later case is used when running synth_design to not write synthesis constraints to the resulting checkpoint. Instead, project constraints are read when the synthesized design is opened.
INFO: [Common 17-1381] The checkpoint 'I:/tt/riscv/riscv.runs/synth_1/riscv_top.dcp' has been generated.
INFO: [runtcl-4] Executing : report_utilization -file riscv_top_utilization_synth.rpt -pb riscv_top_utilization_synth.pb
INFO: [Common 17-206] Exiting Vivado at Wed Dec  4 23:09:10 2019...
